<?xml version="1.0" encoding="UTF-8"?>
<feed xmlns:yt="http://www.youtube.com/xml/schemas/2015" xmlns:media="http://search.yahoo.com/mrss/" xmlns="http://www.w3.org/2005/Atom">
 <link rel="self" href="http://www.youtube.com/feeds/videos.xml?channel_id=UC9rU_5YnMDUPc0IP8NwZOig"/>
 <id>yt:channel:UC9rU_5YnMDUPc0IP8NwZOig</id>
 <yt:channelId>UC9rU_5YnMDUPc0IP8NwZOig</yt:channelId>
 <title>Elevated Systems</title>
 <link rel="alternate" href="https://www.youtube.com/channel/UC9rU_5YnMDUPc0IP8NwZOig"/>
 <author>
  <name>Elevated Systems</name>
  <uri>https://www.youtube.com/channel/UC9rU_5YnMDUPc0IP8NwZOig</uri>
 </author>
 <published>2019-06-14T07:20:06+00:00</published>
 <entry>
  <id>yt:video:bKG9WCn_a3o</id>
  <yt:videoId>bKG9WCn_a3o</yt:videoId>
  <yt:channelId>UC9rU_5YnMDUPc0IP8NwZOig</yt:channelId>
  <title>Will The &quot;Cheapest&quot; Mac Studio Replace My $6000 PC?</title>
  <link rel="alternate" href="https://www.youtube.com/watch?v=bKG9WCn_a3o"/>
  <author>
   <name>Elevated Systems</name>
   <uri>https://www.youtube.com/channel/UC9rU_5YnMDUPc0IP8NwZOig</uri>
  </author>
  <published>2022-03-22T13:00:15+00:00</published>
  <updated>2022-03-24T00:52:04+00:00</updated>
  <media:group>
   <media:title>Will The &quot;Cheapest&quot; Mac Studio Replace My $6000 PC?</media:title>
   <media:content url="https://www.youtube.com/v/bKG9WCn_a3o?version=3" type="application/x-shockwave-flash" width="640" height="390"/>
   <media:thumbnail url="https://i3.ytimg.com/vi/bKG9WCn_a3o/hqdefault.jpg" width="480" height="360"/>
   <media:description>This lifelong PC guy is taking a look at another Mac. However this time if the 2022 M1 Max Mac Studio meets the standard, it just may permanently replace my $6000 Threadripper Workstation PC.

Join Me on Patreon - https://www.patreon.com/elevatedsystems

Products Featured (Paid Links):
Uni USB-C to DisplayPort Cable         - https://amzn.to/3wyVEqm
Anker Apex TB4 Docking Station       - https://amzn.to/34BmJ0N
Keychron K6 Keyboard                        - https://amzn.to/3JCX9YE

Timecodes:
0:00 - Opener
0:20 - Intro
1:50 - The &quot;Cheapest&quot; Model
2:37 - Why Does it Look Like This?
3:35 - The Ports
4:04 - The &quot;Monster&quot; PC it May Replace
5:33 - Setting up &amp; My &quot;User Experience&quot;
7:04 - Hardware Speeds
8:28 - Perfomance Metrics
13:29 - Power Efficiency
15:32 - Initial Impressions

My Studio Equipment (Paid Links)
Blackmagic Pocket Cinema 6K Pro         - https://amzn.to/3tA6ScP
Panasonic Lumix DMC-G7                         - https://amzn.to/2VjqKSR
Panasonic Lumix DMC FZ300                   - https://amzn.to/2WJnxw6
Sigma 18-35mm F1.8 Art DC HSM Lens - https://amzn.to/3quDgM0
Canon EF 50mm f/1.8 STM Lens              -https://amzn.to/3uv13Of
Panasonic LUMIX G Lens, 25mm, F1.7    - https://amzn.to/3A9f9Vi
Magnus REX VT-5000 2-Stage Tripod      - https://amzn.to/3GxsGJH
Neewer 72.4-Inch Camera Tripod              - https://amzn.to/3fsRuqU
Kshioe Softbox Lighting Kit                        - https://amzn.to/3A5vZEq
Neewer Camera Slider Motorized             - https://amzn.to/3ltX54e
Sennheiser MKE 600 Shotgun Mic           - https://amzn.to/3fziRPv
SAMSON Q2U Dynamic Microphone        - https://amzn.to/3ikExBe
Sennheiser XS Wireless Lavalier System - https://amzn.to/3ilSIpA
PreSonus Eris E3.5 Studio Monitor            - https://amzn.to/3CcVx4d
Sound Blaster K3+ DAC                               - https://amzn.to/3jiYhV5
Gator Frameworks Deluxe Boom Stand    - https://amzn.to/3fs7Os3
Glide Gear TMP100 Teleprompter             - https://amzn.to/3CdgIDy
GLEAM Microphone Stand                         - https://amzn.to/3A4dth5
Davinci Resolve 17 &amp; Speed Editor            - https://amzn.to/3fsECRG

Find me on Social Media 
Twitter: https://twitter.com/elevatedsystem1 
Facebook: https://www.facebook.com/elevatedsyst...
Instagram: https://www.instagram.com/elevatedsys/​

Contact Me: elevated.sys@gmail.com 

Audio file(s) provided by Epidemic Sound 
https://www.epidemicsound.com</media:description>
   <media:community>
    <media:starRating count="568" average="5.00" min="1" max="5"/>
    <media:statistics views="13447"/>
   </media:community>
  </media:group>
 </entry>
 <entry>
  <id>yt:video:IRp4fl_dPso</id>
  <yt:videoId>IRp4fl_dPso</yt:videoId>
  <yt:channelId>UC9rU_5YnMDUPc0IP8NwZOig</yt:channelId>
  <title>Mac Studio Socketed SSD Speed Test</title>
  <link rel="alternate" href="https://www.youtube.com/watch?v=IRp4fl_dPso"/>
  <author>
   <name>Elevated Systems</name>
   <uri>https://www.youtube.com/channel/UC9rU_5YnMDUPc0IP8NwZOig</uri>
  </author>
  <published>2022-03-19T20:02:18+00:00</published>
  <updated>2022-03-22T02:59:46+00:00</updated>
  <media:group>
   <media:title>Mac Studio Socketed SSD Speed Test</media:title>
   <media:content url="https://www.youtube.com/v/IRp4fl_dPso?version=3" type="application/x-shockwave-flash" width="640" height="390"/>
   <media:thumbnail url="https://i2.ytimg.com/vi/IRp4fl_dPso/hqdefault.jpg" width="480" height="360"/>
   <media:description></media:description>
   <media:community>
    <media:starRating count="82" average="5.00" min="1" max="5"/>
    <media:statistics views="1906"/>
   </media:community>
  </media:group>
 </entry>
 <entry>
  <id>yt:video:P8HygZSJV4Y</id>
  <yt:videoId>P8HygZSJV4Y</yt:videoId>
  <yt:channelId>UC9rU_5YnMDUPc0IP8NwZOig</yt:channelId>
  <title>The Mac Studio IS Modular! Kinda.</title>
  <link rel="alternate" href="https://www.youtube.com/watch?v=P8HygZSJV4Y"/>
  <author>
   <name>Elevated Systems</name>
   <uri>https://www.youtube.com/channel/UC9rU_5YnMDUPc0IP8NwZOig</uri>
  </author>
  <published>2022-03-19T08:00:12+00:00</published>
  <updated>2022-03-20T06:30:07+00:00</updated>
  <media:group>
   <media:title>The Mac Studio IS Modular! Kinda.</media:title>
   <media:content url="https://www.youtube.com/v/P8HygZSJV4Y?version=3" type="application/x-shockwave-flash" width="640" height="390"/>
   <media:thumbnail url="https://i1.ytimg.com/vi/P8HygZSJV4Y/hqdefault.jpg" width="480" height="360"/>
   <media:description>I couldn't help myself and I took the Mac Studio apart before I even turned it on, and I was shocked to find Upgradeable components, maybe.

Join Me on Patreon - https://www.patreon.com/elevatedsystems

My Studio Equipment (Paid Links)
Blackmagic Pocket Cinema 6K Pro         - https://amzn.to/3tA6ScP
Panasonic Lumix DMC-G7                         - https://amzn.to/2VjqKSR
Panasonic Lumix DMC FZ300                   - https://amzn.to/2WJnxw6
Sigma 18-35mm F1.8 Art DC HSM Lens - https://amzn.to/3quDgM0
Canon EF 50mm f/1.8 STM Lens              -https://amzn.to/3uv13Of
Panasonic LUMIX G Lens, 25mm, F1.7    - https://amzn.to/3A9f9Vi
Magnus REX VT-5000 2-Stage Tripod      - https://amzn.to/3GxsGJH
Neewer 72.4-Inch Camera Tripod              - https://amzn.to/3fsRuqU
Kshioe Softbox Lighting Kit                        - https://amzn.to/3A5vZEq
Neewer Camera Slider Motorized             - https://amzn.to/3ltX54e
Sennheiser MKE 600 Shotgun Mic           - https://amzn.to/3fziRPv
SAMSON Q2U Dynamic Microphone        - https://amzn.to/3ikExBe
Sennheiser XS Wireless Lavalier System - https://amzn.to/3ilSIpA
PreSonus Eris E3.5 Studio Monitor            - https://amzn.to/3CcVx4d
Sound Blaster K3+ DAC                               - https://amzn.to/3jiYhV5
Gator Frameworks Deluxe Boom Stand    - https://amzn.to/3fs7Os3
Glide Gear TMP100 Teleprompter             - https://amzn.to/3CdgIDy
GLEAM Microphone Stand                         - https://amzn.to/3A4dth5
Davinci Resolve 17 &amp; Speed Editor            - https://amzn.to/3fsECRG

Find me on Social Media 
Twitter: https://twitter.com/elevatedsystem1 
Facebook: https://www.facebook.com/elevatedsyst...
Instagram: https://www.instagram.com/elevatedsys/​

Contact Me: elevated.sys@gmail.com 

Audio file(s) provided by Epidemic Sound 
https://www.epidemicsound.com</media:description>
   <media:community>
    <media:starRating count="701" average="5.00" min="1" max="5"/>
    <media:statistics views="13538"/>
   </media:community>
  </media:group>
 </entry>
 <entry>
  <id>yt:video:WIarm5X0PFs</id>
  <yt:videoId>WIarm5X0PFs</yt:videoId>
  <yt:channelId>UC9rU_5YnMDUPc0IP8NwZOig</yt:channelId>
  <title>The ULTIMATE framework Desk Setup, Feat. Anker Apex Thunderbolt 4 Docking Station.</title>
  <link rel="alternate" href="https://www.youtube.com/watch?v=WIarm5X0PFs"/>
  <author>
   <name>Elevated Systems</name>
   <uri>https://www.youtube.com/channel/UC9rU_5YnMDUPc0IP8NwZOig</uri>
  </author>
  <published>2022-03-13T15:00:29+00:00</published>
  <updated>2022-03-15T01:00:48+00:00</updated>
  <media:group>
   <media:title>The ULTIMATE framework Desk Setup, Feat. Anker Apex Thunderbolt 4 Docking Station.</media:title>
   <media:content url="https://www.youtube.com/v/WIarm5X0PFs?version=3" type="application/x-shockwave-flash" width="640" height="390"/>
   <media:thumbnail url="https://i4.ytimg.com/vi/WIarm5X0PFs/hqdefault.jpg" width="480" height="360"/>
   <media:description>Building out $200, $500, and the ULTIMATE desk setup for the framework laptop. Also a quick review of the Anker Apex 777, 12-in-1, Thunderbolt 4 Docking Station, which features Max 90W Charging for Laptop, 20W Power Delivery, Single 8K, Triple 4K Display, 10Gbps Data, Ethernet, Audio, SD reader.

Join Me on Patreon - https://www.patreon.com/elevatedsystems

Framework Initial Review    - https://youtu.be/0_MmDhly_H0
Framework Playlist               - https://youtube.com/playlist?list=PLwMvJ82pMgANOBK9ZL9rY4s2ExgLiYnYm
Acasis Hub Review              - https://youtu.be/y49dYoc0b9o
BenQ Monitor Light Review - https://youtu.be/huprFrXBHdo

Products Featured (Affiliate Links)
Anker Apex TB4 Docking Station       - https://amzn.to/34BmJ0N
Vivo Desk Base                                     - https://amzn.to/35UwdVn
Sceptre 32&quot; 1440P 144Hz Monitor    - https://amzn.to/3KhMu5m
24&quot; FHD Monitors                                 - https://amzn.to/35M9VW2
Acer EI342CKR  34&quot; WQHD Monitor  - https://amzn.to/3KBWFln
Acasis USB-C Hub                                - https://amzn.to/3t4e6VT
Soundcore Liberty Air 2 Earbuds       -https://amzn.to/3CYbDPT
Logitech Wireless Combo MK360     - https://amzn.to/3J7bmN4
Cooler Master SK650 Keyboard         - https://amzn.to/3t6md4s
Cooler Master MM711 Mouse            - https://amzn.to/3J97dYT
Felt Desk Pad                                         - https://amzn.to/3KG1Ssj
Laptop Stand 360 Rotating                 - https://amzn.to/3CBhw5v
SoundBlaster K3+ DAC                        - https://amzn.to/3q1HBpl
PreSonus Eris E3.5 Studio Monitor   - https://amzn.to/35OMdIB
Samson Q2U Microphone                   - https://amzn.to/36bQrtA
Gator Frameworks Deluxe Boom       - https://amzn.to/3fs7Os3
Panasonic Lumix DMC-G7                  - https://amzn.to/2VjqKSR
12&quot; Desk Video Ring Light                  - https://amzn.to/34EdgWw
Razor Core X eGPU                              - https://amzn.to/3CBXIPA
EVGA GeForce RTX 2080 Ti Black    - https://amzn.to/3IaeaHL

Timecodes:
0:00 - Opener
0:24 - Intro
2:31 - The Simple Setup ~$200
3:56 - The Intermediate Setup ~$500
5:29 - The Anker TB4 Dock Overview
6:33 - The Almost Ultimate Setup
9:22 - More Power!
10:41 - It Works
11:17 - It Games
12:30 - Goals Accomplished?
13:42 - Other Possibilities
14:29 - Anker TB4 Dock Initial Impressions

Blackmagic Pocket Cinema 6K Pro         - https://amzn.to/3tA6ScP
Panasonic Lumix DMC FZ300                   - https://amzn.to/2WJnxw6
Sigma 18-35mm F1.8 Art DC HSM Lens - https://amzn.to/3quDgM0
Canon EF 50mm f/1.8 STM Lens              -https://amzn.to/3uv13Of
Panasonic LUMIX G Lens, 25mm, F1.7    - https://amzn.to/3A9f9Vi
Magnus REX VT-5000 2-Stage Tripod      - https://amzn.to/3GxsGJH
Neewer 72.4-Inch Camera Tripod              - https://amzn.to/3fsRuqU
Kshioe Softbox Lighting Kit                        - https://amzn.to/3A5vZEq
Neewer Camera Slider Motorized             - https://amzn.to/3ltX54e
Sennheiser MKE 600 Shotgun Mic           - https://amzn.to/3fziRPv
Sennheiser XS Wireless Lavalier System - https://amzn.to/3ilSIpA
Glide Gear TMP100 Teleprompter             - https://amzn.to/3CdgIDy
GLEAM Microphone Stand                         - https://amzn.to/3A4dth5
Davinci Resolve 17 &amp; Speed Editor            - https://amzn.to/3fsECRG

Find me on Social Media 
Twitter: https://twitter.com/elevatedsystem1 
Facebook: https://www.facebook.com/elevatedsyst...
Instagram: https://www.instagram.com/elevatedsys/​

Contact Me: elevated.sys@gmail.com 

Audio file(s) provided by Epidemic Sound 
https://www.epidemicsound.com</media:description>
   <media:community>
    <media:starRating count="605" average="5.00" min="1" max="5"/>
    <media:statistics views="12432"/>
   </media:community>
  </media:group>
 </entry>
 <entry>
  <id>yt:video:7fBs-fT0xf8</id>
  <yt:videoId>7fBs-fT0xf8</yt:videoId>
  <yt:channelId>UC9rU_5YnMDUPc0IP8NwZOig</yt:channelId>
  <title>I Bought The Cheapest Gaming Monitors from Best Buy and Amazon</title>
  <link rel="alternate" href="https://www.youtube.com/watch?v=7fBs-fT0xf8"/>
  <author>
   <name>Elevated Systems</name>
   <uri>https://www.youtube.com/channel/UC9rU_5YnMDUPc0IP8NwZOig</uri>
  </author>
  <published>2022-03-06T16:00:05+00:00</published>
  <updated>2022-03-07T09:53:26+00:00</updated>
  <media:group>
   <media:title>I Bought The Cheapest Gaming Monitors from Best Buy and Amazon</media:title>
   <media:content url="https://www.youtube.com/v/7fBs-fT0xf8?version=3" type="application/x-shockwave-flash" width="640" height="390"/>
   <media:thumbnail url="https://i4.ytimg.com/vi/7fBs-fT0xf8/hqdefault.jpg" width="480" height="360"/>
   <media:description>Do you have gaming PC that is excellent at 1080P gaming or good at 1440p gaming and your not sure which gaming display to buy. I purchased the best value 1080p and 1440p gaming monitors so I can help you with that decision and show you how to do either without breaking the bank.

Join Me on Patreon - https://www.patreon.com/elevatedsystems

Products Featured (Paid Links)
Sceptre 32&quot; 1440P 144Hz Monitor                   - https://amzn.to/3KhMu5m
Asus TUF Gaming 27&quot; 180P 165Hz Monitor   - https://amzn.to/3hKwHja

Timecodes:
0:00 - Opener
0:30 - Intro/Agenda
1:32 - The Dueling Displays
2:30 - Specs, Features and Quick Review
6:19 - The Most Obvious Question
7:04 - Size Matters
9:21 - Is Downscaling an Option?
10:44 - Go Big or...
11:30 - Summary So Far
12:05 - Budget Isn't Bad


My Studio Equipment (Paid Links)
Blackmagic Pocket Cinema 6K Pro         - https://amzn.to/3tA6ScP
Panasonic Lumix DMC-G7                         - https://amzn.to/2VjqKSR
Panasonic Lumix DMC FZ300                   - https://amzn.to/2WJnxw6
Sigma 18-35mm F1.8 Art DC HSM Lens - https://amzn.to/3quDgM0
Canon EF 50mm f/1.8 STM Lens              -https://amzn.to/3uv13Of
Panasonic LUMIX G Lens, 25mm, F1.7    - https://amzn.to/3A9f9Vi
Magnus REX VT-5000 2-Stage Tripod      - https://amzn.to/3GxsGJH
Neewer 72.4-Inch Camera Tripod              - https://amzn.to/3fsRuqU
Kshioe Softbox Lighting Kit                        - https://amzn.to/3A5vZEq
Neewer Camera Slider Motorized             - https://amzn.to/3ltX54e
Sennheiser MKE 600 Shotgun Mic           - https://amzn.to/3fziRPv
SAMSON Q2U Dynamic Microphone        - https://amzn.to/3ikExBe
Sennheiser XS Wireless Lavalier System - https://amzn.to/3ilSIpA
PreSonus Eris E3.5 Studio Monitor            - https://amzn.to/3CcVx4d
Sound Blaster K3+ DAC                               - https://amzn.to/3jiYhV5
Gator Frameworks Deluxe Boom Stand    - https://amzn.to/3fs7Os3
Glide Gear TMP100 Teleprompter             - https://amzn.to/3CdgIDy
GLEAM Microphone Stand                         - https://amzn.to/3A4dth5
Davinci Resolve 17 &amp; Speed Editor            - https://amzn.to/3fsECRG

Find me on Social Media 
Twitter: https://twitter.com/elevatedsystem1 
Facebook: https://www.facebook.com/elevatedsyst...
Instagram: https://www.instagram.com/elevatedsys/​

Contact Me: elevated.sys@gmail.com 

Audio file(s) provided by Epidemic Sound 
https://www.epidemicsound.com</media:description>
   <media:community>
    <media:starRating count="172" average="5.00" min="1" max="5"/>
    <media:statistics views="2514"/>
   </media:community>
  </media:group>
 </entry>
 <entry>
  <id>yt:video:fNYZkqIn8rg</id>
  <yt:videoId>fNYZkqIn8rg</yt:videoId>
  <yt:channelId>UC9rU_5YnMDUPc0IP8NwZOig</yt:channelId>
  <title>Framework Laptop 6 Months Later. I'm Less Impressed 😐</title>
  <link rel="alternate" href="https://www.youtube.com/watch?v=fNYZkqIn8rg"/>
  <author>
   <name>Elevated Systems</name>
   <uri>https://www.youtube.com/channel/UC9rU_5YnMDUPc0IP8NwZOig</uri>
  </author>
  <published>2022-02-27T16:00:26+00:00</published>
  <updated>2022-03-14T17:52:14+00:00</updated>
  <media:group>
   <media:title>Framework Laptop 6 Months Later. I'm Less Impressed 😐</media:title>
   <media:content url="https://www.youtube.com/v/fNYZkqIn8rg?version=3" type="application/x-shockwave-flash" width="640" height="390"/>
   <media:thumbnail url="https://i3.ytimg.com/vi/fNYZkqIn8rg/hqdefault.jpg" width="480" height="360"/>
   <media:description>I've been daily driving the Framework Laptop for the Past 6 Months and this is my long term review. 

Initial Review - https://youtu.be/0_MmDhly_H0
Framework Laptop Playlist - https://youtube.com/playlist?list=PLwMvJ82pMgANOBK9ZL9rY4s2ExgLiYnYm
Framework Marketplace - https://frame.work/#laptop-configuration
Framework Forum Post - https://community.frame.work/t/1tb-storage-expansion-overheating/5900

Products Featured  (Affiliate Links)
Laptop Sleeve                                    - https://amzn.to/3KGmNM9
Sarmonic USB-C Lavalier Mic         - https://amzn.to/3j1F3oj
Acasis USB-C Hub                            - https://amzn.to/3t4e6VT
Soundcore Liberty Air 2 Earbuds    -https://amzn.to/3CYbDPT

Join Me on Patreon - https://www.patreon.com/elevatedsystems

Timecodes:
0:00 - Opener
0:30 - Intro
0:50 - Innovation and Features
2:47 - My Framework Version
3:37 - Clearing up Some Misunderstandings.
4:41 - Maybe I changed My Mind
4:51 - Form Factor and Build Quality
5:42 - The Screen
6:07 - Webcam, Microphone, Speakers
6:30 - Keyboard
6:43 - Trackpad 😕
7:27 - Ports and Expansion Cards
8:22 - Performance
9:32 - Battery Life 🙁
11:02 - It's More Than the Just the Product.
12:25 - Linux Friendly
12:45 - Pros and Cons
13:57 - Who is this Laptop For?
15:13 - More to Come!


My Studio Equipment (Paid Links)
Blackmagic Pocket Cinema 6K Pro         - https://amzn.to/3tA6ScP
Panasonic Lumix DMC-G7                         - https://amzn.to/2VjqKSR
Panasonic Lumix DMC FZ300                   - https://amzn.to/2WJnxw6
Sigma 18-35mm F1.8 Art DC HSM Lens - https://amzn.to/3quDgM0
Canon EF 50mm f/1.8 STM Lens              -https://amzn.to/3uv13Of
Panasonic LUMIX G Lens, 25mm, F1.7    - https://amzn.to/3A9f9Vi
Magnus REX VT-5000 2-Stage Tripod      - https://amzn.to/3GxsGJH
Neewer 72.4-Inch Camera Tripod              - https://amzn.to/3fsRuqU
Kshioe Softbox Lighting Kit                        - https://amzn.to/3A5vZEq
Neewer Camera Slider Motorized             - https://amzn.to/3ltX54e
Sennheiser MKE 600 Shotgun Mic           - https://amzn.to/3fziRPv
SAMSON Q2U Dynamic Microphone        - https://amzn.to/3ikExBe
Sennheiser XS Wireless Lavalier System - https://amzn.to/3ilSIpA
PreSonus Eris E3.5 Studio Monitor            - https://amzn.to/3CcVx4d
Sound Blaster K3+ DAC                               - https://amzn.to/3jiYhV5
Gator Frameworks Deluxe Boom Stand    - https://amzn.to/3fs7Os3
Glide Gear TMP100 Teleprompter             - https://amzn.to/3CdgIDy
GLEAM Microphone Stand                         - https://amzn.to/3A4dth5
Davinci Resolve 17 &amp; Speed Editor            - https://amzn.to/3fsECRG

Find me on Social Media 
Twitter: https://twitter.com/elevatedsystem1 
Facebook: https://www.facebook.com/elevatedsyst...
Instagram: https://www.instagram.com/elevatedsys/​

Contact Me: elevated.sys@gmail.com 

Audio file(s) provided by Epidemic Sound 
https://www.epidemicsound.com</media:description>
   <media:community>
    <media:starRating count="7687" average="5.00" min="1" max="5"/>
    <media:statistics views="182714"/>
   </media:community>
  </media:group>
 </entry>
 <entry>
  <id>yt:video:5RZ3UwBIj7g</id>
  <yt:videoId>5RZ3UwBIj7g</yt:videoId>
  <yt:channelId>UC9rU_5YnMDUPc0IP8NwZOig</yt:channelId>
  <title>Best Camera Gear for YouTube Beginners.</title>
  <link rel="alternate" href="https://www.youtube.com/watch?v=5RZ3UwBIj7g"/>
  <author>
   <name>Elevated Systems</name>
   <uri>https://www.youtube.com/channel/UC9rU_5YnMDUPc0IP8NwZOig</uri>
  </author>
  <published>2022-02-20T16:00:02+00:00</published>
  <updated>2022-02-25T16:58:14+00:00</updated>
  <media:group>
   <media:title>Best Camera Gear for YouTube Beginners.</media:title>
   <media:content url="https://www.youtube.com/v/5RZ3UwBIj7g?version=3" type="application/x-shockwave-flash" width="640" height="390"/>
   <media:thumbnail url="https://i2.ytimg.com/vi/5RZ3UwBIj7g/hqdefault.jpg" width="480" height="360"/>
   <media:description>In this video take you through the progression of all my camera, Lighting, and audio gear, from how it started to how it’s going, mistakes I made, and what I learned along the way. The goal is to help anyone out there who has an area of expertise you want to share with the world, but may not know where to start with the right camera, audio and lighting gear. 

Join Me on Patreon - https://www.patreon.com/elevatedsystems

My Studio Equipment (Paid Links)
Blackmagic Pocket Cinema 6K Pro         - https://amzn.to/3tA6ScP
Panasonic Lumix DMC-G7                         - https://amzn.to/2VjqKSR
Panasonic Lumix DMC FZ300                   - https://amzn.to/2WJnxw6
Sigma 18-35mm F1.8 Art DC HSM Lens - https://amzn.to/3quDgM0
Canon EF 50mm f/1.8 STM Lens              -https://amzn.to/3uv13Of
Panasonic LUMIX G Lens, 25mm, F1.7    - https://amzn.to/3A9f9Vi
Magnus REX VT-5000 2-Stage Tripod      - https://amzn.to/3GxsGJH
Neewer 72.4-Inch Camera Tripod              - https://amzn.to/3fsRuqU
Kshioe Softbox Lighting Kit                        - https://amzn.to/3A5vZEq
Neewer Camera Slider Motorized             - https://amzn.to/3ltX54e
Sennheiser MKE 600 Shotgun Mic           - https://amzn.to/3fziRPv
SAMSON Q2U Dynamic Microphone        - https://amzn.to/3ikExBe
Sennheiser XS Wireless Lavalier System - https://amzn.to/3ilSIpA
PreSonus Eris E3.5 Studio Monitor            - https://amzn.to/3CcVx4d
Sound Blaster K3+ DAC                               - https://amzn.to/3jiYhV5
Gator Frameworks Deluxe Boom Stand    - https://amzn.to/3fs7Os3
Glide Gear TMP100 Teleprompter             - https://amzn.to/3CdgIDy
GLEAM Microphone Stand                         - https://amzn.to/3A4dth5
Davinci Resolve 17 &amp; Speed Editor            - https://amzn.to/3fsECRG

Timecodes:
0:00 - Opener
0:19 - Background and Purpose
1:46 - Where I Should Have Started.
2:56 - My First Cameras 
5:44 - Lighting and Audio Gear (More Important Than the Camera).
9:07 - My NEW Main Camera 
11:33 - Selecting the Right Lens
12:19 - Storage Media
13:07 - An Appropriate Rig
13:27 - Specialty Item
15:50 - How to Start and When to Upgrade
15:01 - Closing

Find me on Social Media 
Twitter: https://twitter.com/elevatedsystem1 
Facebook: https://www.facebook.com/elevatedsyst...
Instagram: https://www.instagram.com/elevatedsys/​

Contact Me: elevated.sys@gmail.com 

Audio file(s) provided by Epidemic Sound 
https://www.epidemicsound.com</media:description>
   <media:community>
    <media:starRating count="108" average="5.00" min="1" max="5"/>
    <media:statistics views="768"/>
   </media:community>
  </media:group>
 </entry>
 <entry>
  <id>yt:video:Y_Fh_jbmJr8</id>
  <yt:videoId>Y_Fh_jbmJr8</yt:videoId>
  <yt:channelId>UC9rU_5YnMDUPc0IP8NwZOig</yt:channelId>
  <title>Repairing an Anti-Repairable Laptop.</title>
  <link rel="alternate" href="https://www.youtube.com/watch?v=Y_Fh_jbmJr8"/>
  <author>
   <name>Elevated Systems</name>
   <uri>https://www.youtube.com/channel/UC9rU_5YnMDUPc0IP8NwZOig</uri>
  </author>
  <published>2022-02-16T16:00:23+00:00</published>
  <updated>2022-02-19T03:31:16+00:00</updated>
  <media:group>
   <media:title>Repairing an Anti-Repairable Laptop.</media:title>
   <media:content url="https://www.youtube.com/v/Y_Fh_jbmJr8?version=3" type="application/x-shockwave-flash" width="640" height="390"/>
   <media:thumbnail url="https://i2.ytimg.com/vi/Y_Fh_jbmJr8/hqdefault.jpg" width="480" height="360"/>
   <media:description>In this one I'll be replacing a failed HHD with a new SSD and doing some routine maintenance on a HP Pavilion 15&quot; Laptop  ( HP 15-da0032wm ) but  it's also my take on manufactures who oppose right-to-repair and engage in anti-consumer practices.

Join Me on Patreon - https://www.patreon.com/elevatedsystems

How to Setup a PC               - https://youtu.be/hX16MaQX3RE
Winget Tutorial                     - https://youtu.be/w4zrmmJiWe8
Framework Laptop Review - https://youtu.be/0_MmDhly_H0

Cheaper SSD Options (Paid Links)
PNY C900 240GB SSD             - https://amzn.to/3JAjRAb
ADATA SU635 240GB SSD      - https://amzn.to/3rTDbSE
Kingston A400 240GB SSD     - https://amzn.to/3oSHuM9

Timecodes:
0:00 - Opener
0:43 - Intro
1:45 - Disassembly
4:48 - Stock Storage and Memory Config
5:40 - New SSD Specs
6:23 - HHD to SSD Swap
7:19 - General Maintenance / Repasting the CPU
8:50 - Optane Memory 
9:23 - Reassembly
10:21 - Laptop Setup
11:04 - Winners and Loosers
12:00 - What the Standard Should Be

My Studio Equipment (Paid Links)
Blackmagic Pocket Cinema 6K Pro         - https://amzn.to/3tA6ScP
Panasonic Lumix DMC-G7                         - https://amzn.to/2VjqKSR
Panasonic Lumix DMC FZ300                   - https://amzn.to/2WJnxw6
Sigma 18-35mm F1.8 Art DC HSM Lens - https://amzn.to/3quDgM0
Canon EF 50mm f/1.8 STM Lens              -https://amzn.to/3uv13Of
Panasonic LUMIX G Lens, 25mm, F1.7    - https://amzn.to/3A9f9Vi
Magnus REX VT-5000 2-Stage Tripod      - https://amzn.to/3GxsGJH
Neewer 72.4-Inch Camera Tripod              - https://amzn.to/3fsRuqU
Kshioe Softbox Lighting Kit                        - https://amzn.to/3A5vZEq
Neewer Camera Slider Motorized             - https://amzn.to/3ltX54e
Sennheiser MKE 600 Shotgun Mic           - https://amzn.to/3fziRPv
SAMSON Q2U Dynamic Microphone        - https://amzn.to/3ikExBe
Sennheiser XS Wireless Lavalier System - https://amzn.to/3ilSIpA
PreSonus Eris E3.5 Studio Monitor            - https://amzn.to/3CcVx4d
Sound Blaster K3+ DAC                               - https://amzn.to/3jiYhV5
Gator Frameworks Deluxe Boom Stand    - https://amzn.to/3fs7Os3
Glide Gear TMP100 Teleprompter             - https://amzn.to/3CdgIDy
GLEAM Microphone Stand                         - https://amzn.to/3A4dth5
Davinci Resolve 17 &amp; Speed Editor            - https://amzn.to/3fsECRG

Find me on Social Media 
Twitter: https://twitter.com/elevatedsystem1 
Facebook: https://www.facebook.com/elevatedsyst...
Instagram: https://www.instagram.com/elevatedsys/​

Contact Me: elevated.sys@gmail.com 

Audio file(s) provided by Epidemic Sound 
https://www.epidemicsound.com</media:description>
   <media:community>
    <media:starRating count="418" average="5.00" min="1" max="5"/>
    <media:statistics views="5717"/>
   </media:community>
  </media:group>
 </entry>
 <entry>
  <id>yt:video:XzqkXn95XhA</id>
  <yt:videoId>XzqkXn95XhA</yt:videoId>
  <yt:channelId>UC9rU_5YnMDUPc0IP8NwZOig</yt:channelId>
  <title>Affordable Setup for Beginning Streamers.</title>
  <link rel="alternate" href="https://www.youtube.com/watch?v=XzqkXn95XhA"/>
  <author>
   <name>Elevated Systems</name>
   <uri>https://www.youtube.com/channel/UC9rU_5YnMDUPc0IP8NwZOig</uri>
  </author>
  <published>2022-02-13T16:00:16+00:00</published>
  <updated>2022-03-07T04:53:54+00:00</updated>
  <media:group>
   <media:title>Affordable Setup for Beginning Streamers.</media:title>
   <media:content url="https://www.youtube.com/v/XzqkXn95XhA?version=3" type="application/x-shockwave-flash" width="640" height="390"/>
   <media:thumbnail url="https://i1.ytimg.com/vi/XzqkXn95XhA/hqdefault.jpg" width="480" height="360"/>
   <media:description>In this video I'm surprising my son with a new streaming setup so he can start his Twitch Streaming journey.

Join Me on Patreon - https://www.patreon.com/elevatedsystems

Products Features (Paid Links)
Acer EI342CKR Pbmiippx 34&quot;         - https://amzn.to/34Qi5f2
Anker PowerConf C300                   - https://amzn.to/3jnkS2O 
Roccat Vulcan TKL Pro                   - https://amzn.to/3JnyUx0
Roccat Kona Aimo                          - https://amzn.to/3Lv99g0
7RYMS USB Microphone               - https://amzn.to/3JmgHQi
Space Desk Mat                             - https://amzn.to/3rJMzbu
Sci-Fi Wall Mural                             - https://amzn.to/3GYTItb

My Potential Mic List:
Razer Siren X                                 - https://amzn.to/3uMxVST
HyperX SoloCast                          - https://amzn.to/35ZlkkO
Blue Snowball Ice                        - https://amzn.to/3gK4Gb0
JLabs Talk Go                              - https://amzn.to/3gGG7f5

My Potential Light Panels:
RALENO LED Video Soft Light Panel       - https://amzn.to/33fZloK
LED Desk Bi-Color Key Light                     - https://amzn.to/3HLRtKB
LED Streaming Light Desktop                  - https://amzn.to/3BgxsJT


Timecodes:
0:00 - Opener
0:20 - Intro
2:00 - Current Setup
3:38 - New Additions
5:58 - What's Missing / I Need Some Help
10:54 - Tear Down / Setup Montage
12:17 - Test Run
13:14 - Setup Overview
15:21 - Springing the Surprise
16:42 - A Gamer's Gotta Game


My Studio Equipment (Paid Links)
Blackmagic Pocket Cinema 6K Pro         - https://amzn.to/3tA6ScP
Panasonic Lumix DMC-G7                         - https://amzn.to/2VjqKSR
Panasonic Lumix DMC FZ300                   - https://amzn.to/2WJnxw6
Sigma 18-35mm F1.8 Art DC HSM Lens - https://amzn.to/3quDgM0
Canon EF 50mm f/1.8 STM Lens              -https://amzn.to/3uv13Of
Panasonic LUMIX G Lens, 25mm, F1.7    - https://amzn.to/3A9f9Vi
Magnus REX VT-5000 2-Stage Tripod      - https://amzn.to/3GxsGJH
Neewer 72.4-Inch Camera Tripod              - https://amzn.to/3fsRuqU
Kshioe Softbox Lighting Kit                        - https://amzn.to/3A5vZEq
Neewer Camera Slider Motorized             - https://amzn.to/3ltX54e
Sennheiser MKE 600 Shotgun Mic           - https://amzn.to/3fziRPv
SAMSON Q2U Dynamic Microphone        - https://amzn.to/3ikExBe
Sennheiser XS Wireless Lavalier System - https://amzn.to/3ilSIpA
PreSonus Eris E3.5 Studio Monitor            - https://amzn.to/3CcVx4d
Sound Blaster K3+ DAC                               - https://amzn.to/3jiYhV5
Gator Frameworks Deluxe Boom Stand    - https://amzn.to/3fs7Os3
Glide Gear TMP100 Teleprompter             - https://amzn.to/3CdgIDy
GLEAM Microphone Stand                         - https://amzn.to/3A4dth5
Davinci Resolve 17 &amp; Speed Editor            - https://amzn.to/3fsECRG

Find me on Social Media 
Twitter: https://twitter.com/elevatedsystem1 
Facebook: https://www.facebook.com/elevatedsyst...
Instagram: https://www.instagram.com/elevatedsys/​

Contact Me: elevated.sys@gmail.com 

Audio file(s) provided by Epidemic Sound 
https://www.epidemicsound.com</media:description>
   <media:community>
    <media:starRating count="112" average="5.00" min="1" max="5"/>
    <media:statistics views="1285"/>
   </media:community>
  </media:group>
 </entry>
 <entry>
  <id>yt:video:kTixUvqF_Ek</id>
  <yt:videoId>kTixUvqF_Ek</yt:videoId>
  <yt:channelId>UC9rU_5YnMDUPc0IP8NwZOig</yt:channelId>
  <title>RTX 3050 / I5-12400 M-ATX Gaming PC. Big Performance, Small Price.</title>
  <link rel="alternate" href="https://www.youtube.com/watch?v=kTixUvqF_Ek"/>
  <author>
   <name>Elevated Systems</name>
   <uri>https://www.youtube.com/channel/UC9rU_5YnMDUPc0IP8NwZOig</uri>
  </author>
  <published>2022-02-09T15:00:39+00:00</published>
  <updated>2022-02-20T13:54:01+00:00</updated>
  <media:group>
   <media:title>RTX 3050 / I5-12400 M-ATX Gaming PC. Big Performance, Small Price.</media:title>
   <media:content url="https://www.youtube.com/v/kTixUvqF_Ek?version=3" type="application/x-shockwave-flash" width="640" height="390"/>
   <media:thumbnail url="https://i4.ytimg.com/vi/kTixUvqF_Ek/hqdefault.jpg" width="480" height="360"/>
   <media:description>Building an under $1000 gaming PC using brand new components I got all at or under MSRP, including a brand new RTX 3050 and the surprisingly good I5-10400. 

Join Me on Patreon - https://www.patreon.com/elevatedsystems

Products Features (Paid Links)
I5-12400                                    -https://amzn.to/3HEanTH
Corsair Vengeance LPX         - https://amzn.to/3BbYwdq
Asus Prime B660M-a             - https://amzn.to/3rCGVrR
Sabrent Rocket Q 1TB           - https://amzn.to/3GEWEef
WD Blue HHD 4TB                 - https://amzn.to/3oBh9lO
Musetex MK7-GN5                -https://amzn.to/3Bnxsbf
Enermax Cyberbron 500W  -https://amzn.to/3B9pO3P
Vetroo V5 Cooler                  - https://amzn.to/33ekbVK

Timecodes:
0:00 - Opener
0:24 - Intro
2:05 - Graphics Card Overview
4:41 - Components Overview
9:50 - Build Montage
11:14 - Build Notes
12:56 - Tuning the System
14:15 - Gaming Benchmarks
20:09 - DLSS Performance
20:30 - Ray Tracing Performance
21:01 - Multi-tasking / Streaming
21:34 - Final Thoughts

My Studio Equipment (Paid Links)
Blackmagic Pocket Cinema 6K Pro         - https://amzn.to/3tA6ScP
Panasonic Lumix DMC-G7                         - https://amzn.to/2VjqKSR
Panasonic Lumix DMC FZ300                   - https://amzn.to/2WJnxw6
Sigma 18-35mm F1.8 Art DC HSM Lens - https://amzn.to/3quDgM0
Canon EF 50mm f/1.8 STM Lens              -https://amzn.to/3uv13Of
Panasonic LUMIX G Lens, 25mm, F1.7    - https://amzn.to/3A9f9Vi
Magnus REX VT-5000 2-Stage Tripod      - https://amzn.to/3GxsGJH
Neewer 72.4-Inch Camera Tripod              - https://amzn.to/3fsRuqU
Kshioe Softbox Lighting Kit                        - https://amzn.to/3A5vZEq
Neewer Camera Slider Motorized             - https://amzn.to/3ltX54e
Sennheiser MKE 600 Shotgun Mic           - https://amzn.to/3fziRPv
SAMSON Q2U Dynamic Microphone        - https://amzn.to/3ikExBe
Sennheiser XS Wireless Lavalier System - https://amzn.to/3ilSIpA
PreSonus Eris E3.5 Studio Monitor            - https://amzn.to/3CcVx4d
Sound Blaster K3+ DAC                               - https://amzn.to/3jiYhV5
Gator Frameworks Deluxe Boom Stand    - https://amzn.to/3fs7Os3
Glide Gear TMP100 Teleprompter             - https://amzn.to/3CdgIDy
GLEAM Microphone Stand                         - https://amzn.to/3A4dth5
Davinci Resolve 17 &amp; Speed Editor            - https://amzn.to/3fsECRG

Find me on Social Media 
Twitter: https://twitter.com/elevatedsystem1 
Facebook: https://www.facebook.com/elevatedsyst...
Instagram: https://www.instagram.com/elevatedsys/​

Contact Me: elevated.sys@gmail.com 

Audio file(s) provided by Epidemic Sound 
https://www.epidemicsound.com</media:description>
   <media:community>
    <media:starRating count="156" average="5.00" min="1" max="5"/>
    <media:statistics views="2765"/>
   </media:community>
  </media:group>
 </entry>
 <entry>
  <id>yt:video:SjSGrq1Fp-A</id>
  <yt:videoId>SjSGrq1Fp-A</yt:videoId>
  <yt:channelId>UC9rU_5YnMDUPc0IP8NwZOig</yt:channelId>
  <title>The MSRP Myth! GPU Pricing in 2022, What You Need to Know!</title>
  <link rel="alternate" href="https://www.youtube.com/watch?v=SjSGrq1Fp-A"/>
  <author>
   <name>Elevated Systems</name>
   <uri>https://www.youtube.com/channel/UC9rU_5YnMDUPc0IP8NwZOig</uri>
  </author>
  <published>2022-02-06T16:00:10+00:00</published>
  <updated>2022-02-08T18:06:04+00:00</updated>
  <media:group>
   <media:title>The MSRP Myth! GPU Pricing in 2022, What You Need to Know!</media:title>
   <media:content url="https://www.youtube.com/v/SjSGrq1Fp-A?version=3" type="application/x-shockwave-flash" width="640" height="390"/>
   <media:thumbnail url="https://i4.ytimg.com/vi/SjSGrq1Fp-A/hqdefault.jpg" width="480" height="360"/>
   <media:description>Taking a look at the current GPU market and why comparing MSRP of current graphic card releases to past isn't feasible or realistic in the current global market.

Join Me on Patreon - https://www.patreon.com/elevatedsystems

My Studio Equipment (Paid Links)
Blackmagic Pocket Cinema 6K Pro         - https://amzn.to/3tA6ScP
Panasonic Lumix DMC-G7                         - https://amzn.to/2VjqKSR
Panasonic Lumix DMC FZ300                   - https://amzn.to/2WJnxw6
Sigma 18-35mm F1.8 Art DC HSM Lens - https://amzn.to/3quDgM0
Panasonic LUMIX G Lens, 25mm, F1.7    - https://amzn.to/3A9f9Vi
Magnus REX VT-5000 2-Stage Tripod      - https://amzn.to/3GxsGJH
Neewer 72.4-Inch Camera Tripod              - https://amzn.to/3fsRuqU
Kshioe Softbox Lighting Kit                        - https://amzn.to/3A5vZEq
Neewer Camera Slider Motorized             - https://amzn.to/3ltX54e
Sennheiser MKE 600 Shotgun Mic           - https://amzn.to/3fziRPv
SAMSON Q2U Dynamic Microphone        - https://amzn.to/3ikExBe
Sennheiser XS Wireless Lavalier System - https://amzn.to/3ilSIpA
PreSonus Eris E3.5 Studio Monitor            - https://amzn.to/3CcVx4d
Sound Blaster K3+ DAC                               - https://amzn.to/3jiYhV5
Gator Frameworks Deluxe Boom Stand    - https://amzn.to/3fs7Os3
Glide Gear TMP100 Teleprompter             - https://amzn.to/3CdgIDy
GLEAM Microphone Stand                         - https://amzn.to/3A4dth5
Davinci Resolve 17 &amp; Speed Editor            - https://amzn.to/3fsECRG

Find me on Social Media 
Twitter: https://twitter.com/elevatedsystem1 
Facebook: https://www.facebook.com/elevatedsyst...
Instagram: https://www.instagram.com/elevatedsys/​

Contact Me: elevated.sys@gmail.com 

Audio file(s) provided by Epidemic Sound 
https://www.epidemicsound.com</media:description>
   <media:community>
    <media:starRating count="179" average="5.00" min="1" max="5"/>
    <media:statistics views="3570"/>
   </media:community>
  </media:group>
 </entry>
 <entry>
  <id>yt:video:Jibqw5C3gk8</id>
  <yt:videoId>Jibqw5C3gk8</yt:videoId>
  <yt:channelId>UC9rU_5YnMDUPc0IP8NwZOig</yt:channelId>
  <title>Ubuntu 21.10 on the Framework Laptop</title>
  <link rel="alternate" href="https://www.youtube.com/watch?v=Jibqw5C3gk8"/>
  <author>
   <name>Elevated Systems</name>
   <uri>https://www.youtube.com/channel/UC9rU_5YnMDUPc0IP8NwZOig</uri>
  </author>
  <published>2022-01-30T16:00:08+00:00</published>
  <updated>2022-03-09T00:34:29+00:00</updated>
  <media:group>
   <media:title>Ubuntu 21.10 on the Framework Laptop</media:title>
   <media:content url="https://www.youtube.com/v/Jibqw5C3gk8?version=3" type="application/x-shockwave-flash" width="640" height="390"/>
   <media:thumbnail url="https://i3.ytimg.com/vi/Jibqw5C3gk8/hqdefault.jpg" width="480" height="360"/>
   <media:description>(NOTE- See the pinned comment regarding a couple typos in the tutorial)
Complete guide on setting up a Dual Boot windows /  Ubuntu 21.10 &quot;Impish Indri&quot; on the Framework Laptop. I'll also be showing you step-by-step how to fix the few hardware compatibility problems as well as how to get up to 50% or more additional battery life and how to change the battery killing suspend mode to suspend then hibernate.

Join Me on Patreon - https://www.patreon.com/elevatedsystems

Ubuntu - https://ubuntu.com/download/desktop
balenaEtcher - https://www.balena.io/etcher/

0:00 - Intro
1:12 - Target Audience
1:40 - Dual Boot Installation
5:53 - First Boot
6:35 - Aspect Ratio / Scaling / Trackpad
7:52 - Fixing the Mouse Pointer Lag
9:28 - Microphone Input Fix
10:14 - Fingerprint Reader Potential Problem
11:24 - Battery Efficiencies
14:04 - Installing / Setting-Up TLP
16:29 - Activate Hibernate
25:00 - Set Lid Close to suspend-then-hibernate
26:12 - Gnome Tweaks
27:54 - Conclusion

My Studio Equipment (Paid Links)
Blackmagic Pocket Cinema 6K Pro         - https://amzn.to/3tA6ScP
Panasonic Lumix DMC-G7                         - https://amzn.to/2VjqKSR
Panasonic Lumix DMC FZ300                   - https://amzn.to/2WJnxw6
Sigma 18-35mm F1.8 Art DC HSM Lens - https://amzn.to/3quDgM0
Panasonic LUMIX G Lens, 25mm, F1.7    - https://amzn.to/3A9f9Vi
Magnus REX VT-5000 2-Stage Tripod      - https://amzn.to/3GxsGJH
Neewer 72.4-Inch Camera Tripod              - https://amzn.to/3fsRuqU
Kshioe Softbox Lighting Kit                        - https://amzn.to/3A5vZEq
Neewer Camera Slider Motorized             - https://amzn.to/3ltX54e
Sennheiser MKE 600 Shotgun Mic           - https://amzn.to/3fziRPv
SAMSON Q2U Dynamic Microphone        - https://amzn.to/3ikExBe
Sennheiser XS Wireless Lavalier System - https://amzn.to/3ilSIpA
PreSonus Eris E3.5 Studio Monitor            - https://amzn.to/3CcVx4d
Sound Blaster K3+ DAC                               - https://amzn.to/3jiYhV5
Gator Frameworks Deluxe Boom Stand    - https://amzn.to/3fs7Os3
Glide Gear TMP100 Teleprompter             - https://amzn.to/3CdgIDy
GLEAM Microphone Stand                         - https://amzn.to/3A4dth5
Davinci Resolve 17 &amp; Speed Editor            - https://amzn.to/3fsECRG

Find me on Social Media 
Twitter: https://twitter.com/elevatedsystem1 
Facebook: https://www.facebook.com/elevatedsyst...
Instagram: https://www.instagram.com/elevatedsys/​

Contact Me: elevated.sys@gmail.com 

Audio file(s) provided by Epidemic Sound 
https://www.epidemicsound.com</media:description>
   <media:community>
    <media:starRating count="305" average="5.00" min="1" max="5"/>
    <media:statistics views="5217"/>
   </media:community>
  </media:group>
 </entry>
 <entry>
  <id>yt:video:w4zrmmJiWe8</id>
  <yt:videoId>w4zrmmJiWe8</yt:videoId>
  <yt:channelId>UC9rU_5YnMDUPc0IP8NwZOig</yt:channelId>
  <title>All Windows Users Need to Know This!</title>
  <link rel="alternate" href="https://www.youtube.com/watch?v=w4zrmmJiWe8"/>
  <author>
   <name>Elevated Systems</name>
   <uri>https://www.youtube.com/channel/UC9rU_5YnMDUPc0IP8NwZOig</uri>
  </author>
  <published>2022-01-23T16:00:34+00:00</published>
  <updated>2022-01-27T09:36:34+00:00</updated>
  <media:group>
   <media:title>All Windows Users Need to Know This!</media:title>
   <media:content url="https://www.youtube.com/v/w4zrmmJiWe8?version=3" type="application/x-shockwave-flash" width="640" height="390"/>
   <media:thumbnail url="https://i4.ytimg.com/vi/w4zrmmJiWe8/hqdefault.jpg" width="480" height="360"/>
   <media:description>In this video I'll be showing you step-by-step how to use the Windows Package Manager known as WINGET. I'll teach you how to list all the info about every app on your PC, how to find applications in the Winget repository, how to install and update apps using Winget, including how to batch install multiple apps, and how to uninstall any application on your system, including bloatware. As a bonus I'll show you how to install and use the Windows terminal.

Join Me on Patreon - https://www.patreon.com/elevatedsystems

Timecodes:
0:00 - PC Novice Owns a Power User.
4:44 - What is a Package Manager
5:39 - How to Install WINGET
6:11 - Jumping in! Install the Windows Terminal
7:07 - The Winget Commands
7:30 - The Command Options
7:48 - The &quot;List&quot; Command
8:22 - The &quot;Show&quot; Command
9:19 - The &quot;Install&quot; Command
11:30 - Winstall.app
12:58 - Installing Multiple Apps with a Batch File
14:04 - The &quot;Uninstall&quot; Command
16:27 - The &quot;Update&quot; Command
17:22 - What Winget Can't Do.

My Studio Equipment (Paid Links)
Blackmagic Pocket Cinema 6K Pro         - https://amzn.to/3tA6ScP
Panasonic Lumix DMC-G7                         - https://amzn.to/2VjqKSR
Panasonic Lumix DMC FZ300                   - https://amzn.to/2WJnxw6
Sigma 18-35mm F1.8 Art DC HSM Lens - https://amzn.to/3quDgM0
Panasonic LUMIX G Lens, 25mm, F1.7    - https://amzn.to/3A9f9Vi
Magnus REX VT-5000 2-Stage Tripod      - https://amzn.to/3GxsGJH
Neewer 72.4-Inch Camera Tripod              - https://amzn.to/3fsRuqU
Kshioe Softbox Lighting Kit                        - https://amzn.to/3A5vZEq
Neewer Camera Slider Motorized             - https://amzn.to/3ltX54e
Sennheiser MKE 600 Shotgun Mic           - https://amzn.to/3fziRPv
SAMSON Q2U Dynamic Microphone        - https://amzn.to/3ikExBe
Sennheiser XS Wireless Lavalier System - https://amzn.to/3ilSIpA
PreSonus Eris E3.5 Studio Monitor            - https://amzn.to/3CcVx4d
Sound Blaster K3+ DAC                               - https://amzn.to/3jiYhV5
Gator Frameworks Deluxe Boom Stand    - https://amzn.to/3fs7Os3
Glide Gear TMP100 Teleprompter             - https://amzn.to/3CdgIDy
GLEAM Microphone Stand                         - https://amzn.to/3A4dth5
Davinci Resolve 17 &amp; Speed Editor            - https://amzn.to/3fsECRG

Find me on Social Media 
Twitter: https://twitter.com/elevatedsystem1 
Facebook: https://www.facebook.com/elevatedsyst...
Instagram: https://www.instagram.com/elevatedsys/​

Contact Me: elevated.sys@gmail.com 

Audio file(s) provided by Epidemic Sound 
https://www.epidemicsound.com</media:description>
   <media:community>
    <media:starRating count="279" average="5.00" min="1" max="5"/>
    <media:statistics views="3435"/>
   </media:community>
  </media:group>
 </entry>
 <entry>
  <id>yt:video:9pVUyxttGOo</id>
  <yt:videoId>9pVUyxttGOo</yt:videoId>
  <yt:channelId>UC9rU_5YnMDUPc0IP8NwZOig</yt:channelId>
  <title>Best Value Portable Monitor...For Now. | Innocn N2F 15.8&quot; Review</title>
  <link rel="alternate" href="https://www.youtube.com/watch?v=9pVUyxttGOo"/>
  <author>
   <name>Elevated Systems</name>
   <uri>https://www.youtube.com/channel/UC9rU_5YnMDUPc0IP8NwZOig</uri>
  </author>
  <published>2022-01-16T16:00:04+00:00</published>
  <updated>2022-01-19T03:36:25+00:00</updated>
  <media:group>
   <media:title>Best Value Portable Monitor...For Now. | Innocn N2F 15.8&quot; Review</media:title>
   <media:content url="https://www.youtube.com/v/9pVUyxttGOo?version=3" type="application/x-shockwave-flash" width="640" height="390"/>
   <media:thumbnail url="https://i2.ytimg.com/vi/9pVUyxttGOo/hqdefault.jpg" width="480" height="360"/>
   <media:description>Full review of the Innocn N2F 15.8&quot; Portable Monitor. Complete demo of specs and features. Exploring good and not so good use cases for the display, and determining if it's worth the cost.

Product Page (Affiliate Link)
Innocn N2F     - https://amzn.to/3KcmoS5
20% Discount Code - N2F2022NC

Join Me on Patreon - https://www.patreon.com/elevatedsystems

Timecodes:
0:00 - Opener
0:24 - Intro
1:24 - Unboxing
2:28 - What it's Missing
3:15 - Build Quality and Materials
4:04 - Specs and Features
4:49 - Connection Options
6:27 - Menu Overview
7:07 - Use Cases (Productivity)
8:37 - Not for Content Creation?
9:28 - HDR Demo
10:20 - Gaming Demo
11:19 - Speaker Performance Demo
11:39 - External Camera Monitor
12:35 - Phone Display Demo
12:54 - Secondary Display for Mac
13:06 - Complicated &quot;Value&quot;
14:42 - Conclusion

My Studio Equipment (Paid Links)
Blackmagic Pocket Cinema 6K Pro         - https://amzn.to/3tA6ScP
Panasonic Lumix DMC-G7                         - https://amzn.to/2VjqKSR
Panasonic Lumix DMC FZ300                   - https://amzn.to/2WJnxw6
Sigma 18-35mm F1.8 Art DC HSM Lens - https://amzn.to/3quDgM0
Panasonic LUMIX G Lens, 25mm, F1.7    - https://amzn.to/3A9f9Vi
Magnus REX VT-5000 2-Stage Tripod      - https://amzn.to/3GxsGJH
Neewer 72.4-Inch Camera Tripod              - https://amzn.to/3fsRuqU
Kshioe Softbox Lighting Kit                        - https://amzn.to/3A5vZEq
Neewer Camera Slider Motorized             - https://amzn.to/3ltX54e
Sennheiser MKE 600 Shotgun Mic           - https://amzn.to/3fziRPv
SAMSON Q2U Dynamic Microphone        - https://amzn.to/3ikExBe
Sennheiser XS Wireless Lavalier System - https://amzn.to/3ilSIpA
PreSonus Eris E3.5 Studio Monitor            - https://amzn.to/3CcVx4d
Sound Blaster K3+ DAC                               - https://amzn.to/3jiYhV5
Gator Frameworks Deluxe Boom Stand    - https://amzn.to/3fs7Os3
Glide Gear TMP100 Teleprompter             - https://amzn.to/3CdgIDy
GLEAM Microphone Stand                         - https://amzn.to/3A4dth5
Davinci Resolve 17 &amp; Speed Editor            - https://amzn.to/3fsECRG

Find me on Social Media 
Twitter: https://twitter.com/elevatedsystem1 
Facebook: https://www.facebook.com/elevatedsyst...
Instagram: https://www.instagram.com/elevatedsys/​

Contact Me: elevated.sys@gmail.com 

Audio file(s) provided by Epidemic Sound 
https://www.epidemicsound.com</media:description>
   <media:community>
    <media:starRating count="111" average="5.00" min="1" max="5"/>
    <media:statistics views="2038"/>
   </media:community>
  </media:group>
 </entry>
 <entry>
  <id>yt:video:u7PIiNMsa9w</id>
  <yt:videoId>u7PIiNMsa9w</yt:videoId>
  <yt:channelId>UC9rU_5YnMDUPc0IP8NwZOig</yt:channelId>
  <title>Deepcool CK560, Case Review &amp; PC Build</title>
  <link rel="alternate" href="https://www.youtube.com/watch?v=u7PIiNMsa9w"/>
  <author>
   <name>Elevated Systems</name>
   <uri>https://www.youtube.com/channel/UC9rU_5YnMDUPc0IP8NwZOig</uri>
  </author>
  <published>2022-01-11T15:00:24+00:00</published>
  <updated>2022-01-16T17:18:14+00:00</updated>
  <media:group>
   <media:title>Deepcool CK560, Case Review &amp; PC Build</media:title>
   <media:content url="https://www.youtube.com/v/u7PIiNMsa9w?version=3" type="application/x-shockwave-flash" width="640" height="390"/>
   <media:thumbnail url="https://i2.ytimg.com/vi/u7PIiNMsa9w/hqdefault.jpg" width="480" height="360"/>
   <media:description>This is a review of the New DeepCool CK560 mid-tower ATX Airflow PC case.

Buy the DeepCool CK560 -  https://amzn.to/3zU59jJ
Newegg - https://www.newegg.com/black-deepcool-ck560-atx-mid-tower/p/N82E16811853117

Join Me on Patreon - https://www.patreon.com/elevatedsystems

Timecodes:
0:00 - Opener
0:33 - Intro/Agenda
1:39 - Specs and Features
3:28 - Not a &quot;New&quot; Build
4:27 - Build Process
8:26 - Build Complete
8:55 - Design and Build Quality
9:58 - Needs Improvement
10:25 - Strong Points
10:51 - Thermal Performance
11:50 - Lacking RGB Modes
12:11 - Good Value?
13:04 - In Stock? 
13:27 - More DeepCool Stuff.


PC Build (Paid Links)
Ryzen 7 3700X                  - https://amzn.to/3jxMKQN
Asus Prime X570-Pro      -https://amzn.to/2G7vTp7
G.Skill Trident Z Neo       -https://amzn.to/30dAAEZ
SanDisk 2TB SSD            -https://amzn.to/336zL2D
EVGA RTX 2080 TI          -https://amzn.to/30euG6B
Samsung 970 Evo Plus  -https://amzn.to/2F5rG54
Lian Li Galahad 240 AIO -https://amzn.to/34RSIqU

My Studio Equipment (Paid Links)
Panasonic Lumic DMC-G7                         - https://amzn.to/2VjqKSR
Panasonic Lumix DMC FZ300                   - https://amzn.to/2WJnxw6
Panasonic LUMIX G Lens, 25mm, F1.7    - https://amzn.to/3A9f9Vi
Neewer 72.4-Inch Camera Tripod              - https://amzn.to/3fsRuqU
Kshioe Softbox Lighting Kit                        - https://amzn.to/3A5vZEq
Neewer Camera Slider Motorized             - https://amzn.to/3ltX54e
SAMSON Q2U Dynamic Microphone        - https://amzn.to/3ikExBe
Sennheiser XS Wireless Lavalier System - https://amzn.to/3ilSIpA
PreSonus Eris E3.5 Studio Monitor            - https://amzn.to/3CcVx4d
Sound Blaster K3+ DAC                               - https://amzn.to/3jiYhV5
Gator Frameworks Deluxe Boom Stand    - https://amzn.to/3fs7Os3
Glide Gear TMP100 Teleprompter             - https://amzn.to/3CdgIDy
Davinci Resolve 17 &amp; Speed Editor            - https://amzn.to/3fsECRG

Find me on Social Media 
Twitter: https://twitter.com/elevatedsystem1 
Facebook: https://www.facebook.com/elevatedsyst...
Instagram: https://www.instagram.com/elevatedsys/​

Contact Me: elevated.sys@gmail.com 

Audio file(s) provided by Epidemic Sound 
https://www.epidemicsound.com</media:description>
   <media:community>
    <media:starRating count="146" average="5.00" min="1" max="5"/>
    <media:statistics views="5134"/>
   </media:community>
  </media:group>
 </entry>
</feed>
