<?xml version="1.0" encoding="UTF-8"?>
<rss xmlns:cbc="https://www.cbc.ca/rss/cbc" version="2.0">
  <channel>
    <title><![CDATA[CBC | Top Stories News ]]></title>
    <link>http://www.cbc.ca/news/?cmp=rss</link>
    <description>
      <![CDATA[
      FOR PERSONAL USE ONLY
      ]]>
    </description>
    <language>en-ca</language>
    <lastBuildDate>Sun, 3 May 2020 09:00:00 EDT</lastBuildDate>
    <copyright><![CDATA[Copyright: (C) Canadian Broadcasting Corporation, http://www.cbc.ca/aboutcbc/discover/termsofuse.html#Rss]]></copyright>
        <docs><![CDATA[http://www.cbc.ca/rss/]]></docs>
    <image>
      <title>CBC.ca</title>
      <url>https://www.cbc.ca/rss/image/cbc_144.gif</url>
      <link>https://www.cbc.ca/news/?cmp=rss</link>
    </image>
    <item cbc:type="contentpackage" cbc:deptid="2.630" cbc:syndicate="true">
      <title><![CDATA[Health Canada pauses regulatory approval for COVID-19 rapid test: Latest on coronavirus]]></title>
            <link>https://www.cbc.ca/news/canada/coronavirus-covid19-1.5553826?cmp=rss</link>
      <guid isPermaLink="false">1.5433912</guid>
      <pubDate>Mon, 20 Jan 2020 17:11:33 EST</pubDate>
                        <author/>
      				      <category>News</category>
      <description>
        <![CDATA[
                        <img src='https://i.cbc.ca/1.5515229.1585599213!/fileImage/httpImage/image.jpg_gen/derivatives/16x9_460/covid-19-testing-device.jpg' alt='COVID-19 testing device' width='460' title='Spartan Bioscience of Ottawa is in the late stages of developing a rapid-testing device for COVID-19.' height='259' />                <p></p>
        ]]>
      </description>
    </item>
    <item cbc:type="story" cbc:deptid="2.632" cbc:syndicate="true">
      <title><![CDATA[What we know and don't know about immunity to COVID-19]]></title>
            <link>https://www.cbc.ca/news/health/covid-immunity-unknown-1.5553229?cmp=rss</link>
      <guid isPermaLink="false">1.5553229</guid>
      <pubDate>Sun, 3 May 2020 04:00:00 EDT</pubDate>
                        <author>Amina Zafar</author>
      							      <category>News/Health</category>
      <description>
        <![CDATA[
                        <img src='https://i.cbc.ca/1.5553245.1588374839!/fileImage/httpImage/image.JPG_gen/derivatives/16x9_460/health-coronavirus-usa-new-york.JPG' alt='HEALTH-CORONAVIRUS/USA-NEW YORK' width='460' title='A healthcare worker performs a coronavirus antibody test at a SOMOS Community Care COVID-19 antibody walk-in testing site during the outbreak of the coronavirus disease (COVID-19) in Brooklyn, New York City, New York, U.S., April 24, 2020. ' height='259' />                <p>If you had COVID-19 and recovered, does that mean you're immune?</p>
        ]]>
      </description>
    </item>
    <item cbc:type="story" cbc:deptid="2.637" cbc:syndicate="true">
      <title><![CDATA['We just want to go home': More than 300 Canadian crew members still stuck on cruise ships]]></title>
            <link>https://www.cbc.ca/news/business/cruise-ships-stranded-crew-members-cdc-covid-19-1.5552424?cmp=rss</link>
      <guid isPermaLink="false">1.5552424</guid>
      <pubDate>Sun, 3 May 2020 04:00:00 EDT</pubDate>
                        <author>Sophia Harris</author>
      							      <category>News/Business</category>
      <description>
        <![CDATA[
                        <img src='https://i.cbc.ca/1.5552623.1588366413!/fileImage/httpImage/image.jpg_gen/derivatives/16x9_460/will-lees-of-north-vancouver-norwegian-epic.jpg' alt='Will Lees of North Vancouver, Norwegian Epic' width='460' title='Will Lees of North Vancouver is stuck on a cruise ship in Miami. The cruise worker blames the U.S. U.S. Centers for Disease Control (CDC) for his situation. ' height='259' />                <p>While cruise lines ceased operations in mid-March due to the global spread of COVID-19, thousands of crew members remain on board, stranded at sea or stuck in ports.</p>
        ]]>
      </description>
    </item>
    <item cbc:type="story" cbc:deptid="2.638" cbc:syndicate="true">
      <title><![CDATA['Scammers are taking advantage': Consumers warned of illegal advance-fee loans during pandemic]]></title>
            <link>https://www.cbc.ca/news/canada/online-advance-fee-loans-warning-1.5552790?cmp=rss</link>
      <guid isPermaLink="false">1.5552790</guid>
      <pubDate>Sun, 3 May 2020 04:00:00 EDT</pubDate>
                        <author>CBC News</author>
      							      <category>News/Canada</category>
      <description>
        <![CDATA[
                        <img src='https://i.cbc.ca/1.5552793.1588362389!/fileImage/httpImage/image.png_gen/derivatives/16x9_460/jessie-st-cyr.png' alt='Jessie St-Cyr' width='460' title='Jessie St-Cyr, a media relations officer for the Better Business Bureau, says scammers are taking advantage of the financial uncertainty caused by COVID-19 to target Canadians who are strapped for cash.' height='259' />                <p>Online money fraudsters are ramping up an old scam, luring struggling Canadians in the COVID-19 era with bogus loans that lead to more financial woes, CBC News has learned.</p>
        ]]>
      </description>
    </item>
    <item cbc:type="story" cbc:deptid="2.7285" cbc:syndicate="true">
      <title><![CDATA[N.S. gunman's replica patrol car had something that slain RCMP constable's car didn't]]></title>
            <link>https://www.cbc.ca/news/investigates/nova-scotia-gunman-push-bar-on-vehicle-1.5553056?cmp=rss</link>
      <guid isPermaLink="false">1.5553056</guid>
      <pubDate>Sun, 3 May 2020 04:00:00 EDT</pubDate>
                        <author>Scott Anderson,Thomas Daigle,Madeline McNair</author>
      							      <category>News/Investigates</category>
      <description>
        <![CDATA[
                        <img src='https://i.cbc.ca/1.5553044.1588368966!/fileImage/httpImage/image.jpg_gen/derivatives/16x9_460/gabriel-wortman-police-car-security-camera.jpg' alt='Gabriel Wortman - Police Car Security Camera' width='460' title='Security camera footage released by the RCMP shows the push bar on Wortman&#39;s vehicle.' height='259' />                <p>In images released by the RCMP, Gabriel Wortman’s mocked-up patrol car appears to be equipped with a black push bar on the front bumper. In the head-on collision with Const. Heidi Stevenson, he would have felt a fraction of the impact she did.</p>
        ]]>
      </description>
    </item>
    <item cbc:type="story" cbc:deptid="2.633" cbc:syndicate="true">
      <title><![CDATA[Not so much fuss: Why this royal 'just gets on with it']]></title>
            <link>https://www.cbc.ca/news/world/royal-fascinator-pandemic-royals-online-1.5552504?cmp=rss</link>
      <guid isPermaLink="false">1.5552504</guid>
      <pubDate>Sun, 3 May 2020 04:00:00 EDT</pubDate>
                        <author>Janet Davison</author>
      							      <category>News/World</category>
      <description>
        <![CDATA[
                        <img src='https://i.cbc.ca/1.5552630.1588357258!/fileImage/httpImage/image.JPG_gen/derivatives/16x9_460/womens-day-britain-royals.JPG' alt='WOMENS-DAY/BRITAIN-ROYALS' width='460' title='Britain&#39;s Sophie, Countess of Wessex, talks with guests during a reception for Women Peacebuilders, on International Women&#39;s Day, at Buckingham Palace in London, Britain March 8, 2019. Victoria Jones/Pool via REUTERS' height='259' />                <p>There hasn’t been much fanfare around Sophie, the Countess of Wessex, as she's been helping in support of those working in the battle against COVID-19. But then again, when she does her royal business, that’s the way it tends to be.</p>
        ]]>
      </description>
    </item>
    <item cbc:type="story" cbc:deptid="2.636" cbc:syndicate="false">
      <title><![CDATA[Canada's brief spring of pandemic-imposed political harmony seems to be winding down]]></title>
            <link>https://www.cbc.ca/news/politics/pandemic-covid-coronavirus-ford-legault-economy-1.5553171?cmp=rss</link>
      <guid isPermaLink="false">1.5553171</guid>
      <pubDate>Sun, 3 May 2020 04:00:00 EDT</pubDate>
                        <author>Aaron Wherry</author>
      							      <category>News/Politics</category>
      <description>
        <![CDATA[
                        <img src='https://i.cbc.ca/1.5548243.1588104357!/cpImage/httpImage/image.jpg_gen/derivatives/16x9_460/pallister-brian-042820.jpg' alt='pallister-brian-042820' width='460' title='Manitoba Premier Brian Pallister, seen above in March, said on Tuesday sports will be on the backburner when the economy begins to reopen.' height='259' />                <p>Canadians have expressed a high degree of trust in government leaders of all partisan stripes during these weeks of lockdown. But now that the conversation is turning to the post-pandemic economic re-start, divisions are beginning to appear — and politics is starting to play a more prominent role.</p>
        ]]>
      </description>
    </item>
    <item cbc:type="story" cbc:deptid="2.642" cbc:syndicate="true">
      <title><![CDATA[85% of workers afraid to return as Alberta meat plant preps to reopen after COVID-19 outbreak, union says]]></title>
            <link>https://www.cbc.ca/news/canada/calgary/cargill-reopening-1.5553751?cmp=rss</link>
      <guid isPermaLink="false">1.5553751</guid>
      <pubDate>Sun, 3 May 2020 07:00:00 EDT</pubDate>
                        <author>Sarah Rieger</author>
      										      <category>News/Canada/Calgary</category>
      <description>
        <![CDATA[
                        <img src='https://i.cbc.ca/1.5549043.1588172094!/cpImage/httpImage/image.jpg_gen/derivatives/16x9_460/covid-alta-meat-plants-20200423.jpg' alt='COVID Alta Meat Plants 20200423' width='460' title='Cargill announced a temporary shut down of its beef plant near High River where officials in the area are dealing with over 400 cases of COVID-19 linked to the plant, including the death of a worker, in High River, Alta., Thursday, April 23, 2020.' height='259' />                <p>The union representing workers at an Alberta meat-packing plant, the site of one of North America's largest COVID-19 outbreaks, continues to fight to prevent the facility from reopening on Monday as planned.</p>
        ]]>
      </description>
    </item>
    <item cbc:type="story" cbc:deptid="2.637" cbc:syndicate="false">
      <title><![CDATA[COVID-19 wipes out demand for fossil fuels — will they bounce back?]]></title>
            <link>https://www.cbc.ca/news/business/covid-19-oil-gas-energy-transition-1.5552794?cmp=rss</link>
      <guid isPermaLink="false">1.5552794</guid>
      <pubDate>Sun, 3 May 2020 04:00:00 EDT</pubDate>
                        <author>Kyle Bakx</author>
      							      <category>News/Business</category>
      <description>
        <![CDATA[
                        <img src='https://i.cbc.ca/1.5374610.1580931165!/cpImage/httpImage/image.jpg_gen/derivatives/16x9_460/parkland-fuel-results-20191105.jpg' alt='Parkland Fuel Results 20191105' width='460' title='Gas prices are displayed as a motorist prepares to pump gas at a station in North Vancouver on May 10, 2011. Shares in Parkland Fuel Corp., Canada&#39;s largest independent fuel marketer, are up after it increased its adjusted 2019 earnings guidance on the back of strong third-quarter results. The Calgary-based company says it now expects its adjusted earnings before interest, taxation, depreciation and amortization will be $75 million higher than previously forecast, at $1.24 billion. The company which sells gasoline and diesel under brands including Fas Gas, Chevron, Esso, Ultramar and Pioneer, and operates On The Run convenience stores, reported third-quarter net earnings of $26 million, down from $49 million in the year-earlier period.' height='259' />                <p>People are creatures of habit and may eventually return to the same lifestyles they had before COVID-19. On the other hand, the severe lockdown may be just enough to change those personal and professional routines and usher in an era less reliant on fossil fuels.</p>
        ]]>
      </description>
    </item>
    <item cbc:type="story" cbc:deptid="2.637" cbc:syndicate="true">
      <title><![CDATA[Auto parts factories retool to make medical equipment, while worry grows over sector's future]]></title>
            <link>https://www.cbc.ca/news/business/auto-parts-factories-ppe-manufacturing-1.5428103?cmp=rss</link>
      <guid isPermaLink="false">1.5428103</guid>
      <pubDate>Sun, 3 May 2020 04:00:00 EDT</pubDate>
                        <author>Nick Purdon &amp; Leonardo Palleja</author>
      							      <category>News/Business</category>
      <description>
        <![CDATA[
                        <img src='https://i.cbc.ca/1.5552719.1588364080!/fileImage/httpImage/image.jpg_gen/derivatives/16x9_460/mitchell-plastics-kitchener-ont.jpg' alt='Mitchell Plastics, Kitchener Ont.  ' width='460' title='&#39;We have to help out the hospitals. We have to help everyone there who is trying to keep us safe,&#39; says Danielle McLeod. She is normally a supervisor at the Mitchell Plastics auto parts factory in Kitchener, Ont., but now she’s getting her hands dirty working on the machines to produce personal protective equipment for front-line workers.' height='259' />                <p>Canadian auto parts factories that have been idled by the COVID-19 shutdown have changed production lines to make things like face shields and gowns needed by health care workers, but it doesn't replace lost auto-sector revenue and some are worried about industry's future.</p>
        ]]>
      </description>
    </item>
    <item cbc:type="story" cbc:deptid="2.4956" cbc:syndicate="false">
      <title><![CDATA[Advocates say new firearms ban part of 'suite of protections' needed to protect women from violence]]></title>
            <link>https://www.cbc.ca/radio/checkup/canada-firearm-ban-violence-against-women-advocates-1.5553689?cmp=rss</link>
      <guid isPermaLink="false">1.5553689</guid>
      <pubDate>Sun, 3 May 2020 04:00:00 EDT</pubDate>
                        <author>Duncan McCue</author>
      							      <category>Radio/Cross Country Checkup</category>
      <description>
        <![CDATA[
                        <img src='https://i.cbc.ca/1.5545869.1587942792!/cpImage/httpImage/image.jpg_gen/derivatives/16x9_460/ns-shooting-vigil-20200424.jpg' alt='NS Shooting Vigil 20200424' width='460' title='A memorial remembering Lillian Hyslop is seen along the road in Wentworth, N.S. on Friday, April 24, 2020. 22 people are dead after a man went on a murderous rampage in Portapique and several other Nova Scotia communities.' height='259' />                <p>The federal government billed its new ban on "assault-style" firearms as an important move to reduce violence against women. Gender advocates believe it's merely a first step in a larger battle.</p>
        ]]>
      </description>
    </item>
    <item cbc:type="story" cbc:deptid="2.633" cbc:syndicate="true">
      <title><![CDATA[Japan's work culture keeps many employees at the office despite COVID-19]]></title>
            <link>https://www.cbc.ca/news/world/japan-covid-19-coronavirus-1.5549504?cmp=rss</link>
      <guid isPermaLink="false">1.5549504</guid>
      <pubDate>Sun, 3 May 2020 04:00:00 EDT</pubDate>
                        <author>Saša Petricic</author>
      							      <category>News/World</category>
      <description>
        <![CDATA[
                        <img src='https://i.cbc.ca/1.5549541.1588186162!/fileImage/httpImage/image.jpg_gen/derivatives/16x9_460/tokyo-work-covid-19.jpg' alt='Tokyo work covid-19' width='460' title='Nanami Fujiwara reluctantly rides the commuter train into downtown Tokyo three days a week to work, afraid she risks infection every time she steps on board. Like many in Japan, she thinks it would be safer to do her job from home, but based on society&#39;s traditional work culture her company won&#39;t allow it.
' height='259' />                <p>Japan's workers are encouraged to stay home and practice physical distancing by the government, and companies are asked to scale back or close amid the COVID-19 pandemic. But in Tokyo, the country's traditional work culture has kept many going to the office daily.</p>
        ]]>
      </description>
    </item>
    <item cbc:type="story" cbc:deptid="2.635" cbc:syndicate="true">
      <title><![CDATA['They're not alone': Seniors get unexpected gifts from Canadian artists during pandemic]]></title>
            <link>https://www.cbc.ca/news/entertainment/art-seniors-homes-covid-1.5551217?cmp=rss</link>
      <guid isPermaLink="false">1.5551217</guid>
      <pubDate>Sun, 3 May 2020 04:00:00 EDT</pubDate>
                        <author>Zulekha Nathoo</author>
      							      <category>News/Entertainment</category>
      <description>
        <![CDATA[
                        <img src='https://i.cbc.ca/1.5551489.1588347330!/fileImage/httpImage/image.jpg_gen/derivatives/16x9_460/art-seniors.jpg' alt='Art Seniors' width='460' title='' height='259' />                <p>What began as a call to local artists, asking for donations of Canadian artwork to seniors' residences, has blossomed into a countrywide message of support to let the elderly know they haven't been forgotten during the coronavirus pandemic.</p>
        ]]>
      </description>
    </item>
    <item cbc:type="story" cbc:deptid="2.634" cbc:syndicate="true">
      <title><![CDATA['A new era in human spaceflight': SpaceX to launch first test flight with humans in 39 years]]></title>
            <link>https://www.cbc.ca/news/technology/spacex-demo-2-launch-1.5552763?cmp=rss</link>
      <guid isPermaLink="false">1.5552763</guid>
      <pubDate>Sun, 3 May 2020 04:00:00 EDT</pubDate>
                        <author>Nicole Mortillaro</author>
      							      <category>News/Technology &amp; Science</category>
      <description>
        <![CDATA[
                        <img src='https://i.cbc.ca/1.5552769.1588360201!/fileImage/httpImage/image.jpg_gen/derivatives/16x9_460/nasa-spacex-crew-dragon.jpg' alt='NASA SpaceX Crew Dragon' width='460' title='NASA astronauts Bob Behnken, left, and Doug Hurley, wearing SpaceX spacesuits, walk through the Crew Access Arm connecting the launch tower to the SpaceX Crew Dragon spacecraft during a dress rehearsal at NASA’s Kennedy Space Center in Florida on Jan. 17, 2020. ' height='259' />                <p>NASA astronauts Bob Behnken and Doug Hurley are ready to make history as they prepare to become the first two Americans to launch from U.S. soil since 2011.</p>
        ]]>
      </description>
    </item>
    <item cbc:type="story" cbc:deptid="2.7622" cbc:syndicate="true">
      <title><![CDATA[Advance care planning is best way to show compassion in these strange times]]></title>
            <link>https://www.cbc.ca/news/opinion/opinion-resuscitation-orders-1.5542534?cmp=rss</link>
      <guid isPermaLink="false">1.5542534</guid>
      <pubDate>Sun, 3 May 2020 04:00:00 EDT</pubDate>
                        <author>Dr. Tavis Apramian</author>
      							      <category>News/Opinion</category>
      <description>
        <![CDATA[
                        <img src='https://i.cbc.ca/1.5536995.1588106651!/cpImage/httpImage/image.jpg_gen/derivatives/16x9_460/covid-que-20200417.jpg' alt='COVID Que 20200417' width='460' title='A patient is brought into the emergency unit at Lasalle Hospital Friday April 17, 2020 in Montreal. THE CANADIAN PRESS/Ryan Remiorz' height='259' />                <p>Without clearly documented plans, research indicates family members are wrong about the end-of-life care preferences of their loved ones approximately one-third of the time, writes Dr. Tavis Apramian.</p>
        ]]>
      </description>
    </item>
    <item cbc:type="story" cbc:deptid="2.633" cbc:syndicate="true">
      <title><![CDATA['You can't socially distance the cast or the crew': Why Broadway faces challenges to reopening]]></title>
            <link>https://www.cbc.ca/news/world/broadway-last-to-reopen-1.5552566?cmp=rss</link>
      <guid isPermaLink="false">1.5552566</guid>
      <pubDate>Sun, 3 May 2020 04:00:00 EDT</pubDate>
                        <author>Steven D'Souza</author>
      							      <category>News/World</category>
      <description>
        <![CDATA[
                        <img src='https://i.cbc.ca/1.5552601.1588356685!/fileImage/httpImage/image.JPG_gen/derivatives/16x9_460/health-coronavirus-new-york.JPG' alt='HEALTH-CORONAVIRUS/NEW YORK' width='460' title='People in surgical masks walk through Manhattan&#39;s Broadway Theatre district after Broadway shows announced they will cancel performances due to the coronavirus outbreak in Manhattan, New York City, New York, U.S., March 12, 2020.' height='259' />                <p>With razor-thin profit margins, Broadway shows can't survive in a world of physical distancing, the industry says. And as U.S. states reveal their plans to reopen, crowd-attracting events are finding themselves at the back of the line with no clear timetable to return.</p>
        ]]>
      </description>
    </item>
    <item cbc:type="story" cbc:deptid="2.637" cbc:syndicate="true">
      <title><![CDATA[Don't fall for this COVID loan scam; You might qualify for a credit card refund: CBC's Marketplace cheat sheet]]></title>
            <link>https://www.cbc.ca/news/business/marketplace-cheatsheet-1.5552169?cmp=rss</link>
      <guid isPermaLink="false">1.5552169</guid>
      <pubDate>Sun, 3 May 2020 09:00:00 EDT</pubDate>
                        <author>CBC News</author>
      							      <category>News/Business</category>
      <description>
        <![CDATA[
                        <img src='https://i.cbc.ca/1.5434388.1579616727!/fileImage/httpImage/image.jpg_gen/derivatives/16x9_460/teenagers-with-cellphones-closeup.jpg' alt='Teenagers with cellphones closeup' width='460' title='A Guelph man has been arrested after allegedly stealing a sim card from the phone of an organization he worked for and using it in his personal cellphone. Police say the organization became aware of the theft after receiving a bill of more than $10,000.' height='259' />                <p>CBC's Marketplace rounds up the consumer and health news you need this week.</p>
        ]]>
      </description>
    </item>
    <item cbc:type="story" cbc:deptid="2.633" cbc:syndicate="true">
      <title><![CDATA[North and South Korea exchange gunfire across border at guard post]]></title>
            <link>https://www.cbc.ca/news/world/northsouth-korea-exchange-gunfire-1.5553856?cmp=rss</link>
      <guid isPermaLink="false">1.5553856</guid>
      <pubDate>Sun, 3 May 2020 05:50:57 EDT</pubDate>
                        <author>Reuters</author>
      							      <category>News/World</category>
      <description>
        <![CDATA[
                        <img src='https://i.cbc.ca/1.5553857.1588499001!/fileImage/httpImage/image.jpg_gen/derivatives/16x9_460/1140434817.jpg' alt='1140434817' width='460' title='South Korean soldiers stand guard near the "blue bridge" during a public tour to the border truce village of Panmunjom in the Demilitarised Zone (DMZ) dividing the two Koreas on May 1, 2019. - Public tours to the southern side of the inter-Korean border village were resumed on May 1, with firearms and guard posts now partially removed from the zone -- while Pyongyang&#39;s nuclear deadlock with the United States continues. (Photo by Jung Yeon-je / AFP)        (Photo credit should read JUNG YEON-JE/AFP via Getty Images)' height='259' />                <p>North and South Korea exchanged gunfire around the South's guard post early on Sunday, raising tension a day after North Korean leader Kim Jong-un ended an almost three-week absence from public life with state media showing him visiting a factory.</p>
        ]]>
      </description>
    </item>
    <item cbc:type="contentpackage" cbc:deptid="2.630" cbc:syndicate="true">
      <title><![CDATA[Doug Ford takes aim at Trudeau government's gun control measures]]></title>
            <link>https://www.cbc.ca/news/canada/toronto/doug-ford-guns-toronto-ontario-1.5553674?cmp=rss</link>
      <guid isPermaLink="false">1.5552512</guid>
      <pubDate>Fri, 1 May 2020 13:39:51 EDT</pubDate>
                        <author/>
      				      <category>News</category>
      <description>
        <![CDATA[
                        <img src='https://i.cbc.ca/1.5545578.1587916959!/fileImage/httpImage/image.jpg_gen/derivatives/16x9_460/doug-ford-pelham.jpg' alt='Doug Ford, Pelham' width='460' title='Premier Doug Ford was asked about the situation in Pelham, Ont. during a media update Saturday. He described what&#39;s happened in the town as "terrible."' height='259' />                <p></p>
        ]]>
      </description>
    </item>
    <item cbc:type="story" cbc:deptid="2.641" cbc:syndicate="true">
      <title><![CDATA[B.C. announces 26 new coronavirus cases, new community outbreak at poultry plant]]></title>
            <link>https://www.cbc.ca/news/canada/british-columbia/b-c-announces-26-new-coronavirus-cases-new-community-outbreak-at-poultry-plant-1.5553565?cmp=rss</link>
      <guid isPermaLink="false">1.5553565</guid>
      <pubDate>Sat, 2 May 2020 14:45:00 EDT</pubDate>
                        <author>Michelle Ghoussoub</author>
      										      <category>News/Canada/British Columbia</category>
      <description>
        <![CDATA[
                        <img src='https://i.cbc.ca/1.5540448.1587509534!/cumulusImage/httpImage/image.jpg_gen/derivatives/16x9_460/b-c-covid-19-dr-bonnie-henry.jpg' alt='B.C. COVID-19 Dr. Bonnie Henry' width='460' title='B.C. provincial health officer Dr. Bonnie Henry provided an updated Tuesday on B.C.&#39;s latest COVID-19 numbers.' height='259' />                <p>B.C. provincial health officer Dr. Bonnie Henry announced 26 new coronavirus cases in the province on Saturday, bringing the total to 2,171.</p>
        ]]>
      </description>
    </item>
  </channel>
</rss>