<?xml version="1.0" encoding="UTF-8"?>
<rss  xmlns:atom="http://www.w3.org/2005/Atom" version="2.0"


>
    <channel>
        <title><![CDATA[李三仟 - 笔记 • 小红书 / RED]]></title>
        <link>https://www.xiaohongshu.com/user/profile/595704bf6f02d6611b075f45</link>
        <atom:link href="https://rsshub.app/xiaohongshu/user/595704bf6f02d6611b075f45/notes" rel="self" type="application/rss+xml" />
        <description><![CDATA[175cm/55kg
多伦多大学商学院在读 - Made with love by RSSHub(https://github.com/DIYgod/RSSHub)]]></description>
        <generator>RSSHub</generator>
        <webMaster>i@diygod.me (DIYgod)</webMaster>
        
        
        
        <language>zh-cn</language>
        
        <image>
            <url>https://sns-avatar-qc.xhscdn.com/avatar/61ebaf630eb78ef9021d24e0.jpg?imageView2/2/w/540/format/webp</url>
            <title><![CDATA[李三仟 - 笔记 • 小红书 / RED]]></title>
            <link>https://www.xiaohongshu.com/user/profile/595704bf6f02d6611b075f45</link>
        </image>
        
        <lastBuildDate>Thu, 09 Mar 2023 12:47:33 GMT</lastBuildDate>
        <ttl>120</ttl>
        
        <item>
            <title><![CDATA[双人成行小象玩偶🐘正版首发]]></title>
            <description><![CDATA[<img src="https://sns-img-qc.xhscdn.com/85487a2c-9719-5554-7eab-3ee07bb6d32c" referrerpolicy="no-referrer"><br>双人成行小象玩偶🐘正版首发]]></description>
            
            <guid isPermaLink="false">https://www.xiaohongshu.com/user/profile/595704bf6f02d6611b075f45/63f81bd50000000012030e6b</guid>
            <link>https://www.xiaohongshu.com/user/profile/595704bf6f02d6611b075f45/63f81bd50000000012030e6b</link>
            
            
            
            <author><![CDATA[李三仟]]></author>
            
                
            
            
        </item>
        
        <item>
            <title><![CDATA[多伦多dt必吃外卖合集🌟亲测好吃不踩雷！]]></title>
            <description><![CDATA[<img src="https://sns-img-qc.xhscdn.com/98fbe9a6-730b-cf76-9d7c-67b547eeebf9" referrerpolicy="no-referrer"><br>多伦多dt必吃外卖合集🌟亲测好吃不踩雷！]]></description>
            
            <guid isPermaLink="false">https://www.xiaohongshu.com/user/profile/595704bf6f02d6611b075f45/63eaae270000000013012e21</guid>
            <link>https://www.xiaohongshu.com/user/profile/595704bf6f02d6611b075f45/63eaae270000000013012e21</link>
            
            
            
            <author><![CDATA[李三仟]]></author>
            
                
            
            
        </item>
        
        <item>
            <title><![CDATA[加航✈️公务舱遭遇种族歧视维权成功！！后续]]></title>
            <description><![CDATA[<img src="https://sns-img-qc.xhscdn.com/ee4391e8-948f-1cf8-ecbb-5479d0c325c8" referrerpolicy="no-referrer"><br>加航✈️公务舱遭遇种族歧视维权成功！！后续]]></description>
            
            <guid isPermaLink="false">https://www.xiaohongshu.com/user/profile/595704bf6f02d6611b075f45/63cb8bab000000001b0143f6</guid>
            <link>https://www.xiaohongshu.com/user/profile/595704bf6f02d6611b075f45/63cb8bab000000001b0143f6</link>
            
            
            
            <author><![CDATA[李三仟]]></author>
            
                
            
            
        </item>
        
        <item>
            <title><![CDATA[巴塞罗那✈️超详细旅行攻略｜圣家堂 米拉之家]]></title>
            <description><![CDATA[<img src="https://sns-img-qc.xhscdn.com/9c8e8063-7423-cf69-d44a-4282a4f9201a" referrerpolicy="no-referrer"><br>巴塞罗那✈️超详细旅行攻略｜圣家堂 米拉之家]]></description>
            
            <guid isPermaLink="false">https://www.xiaohongshu.com/user/profile/595704bf6f02d6611b075f45/63c879ae000000001b024d62</guid>
            <link>https://www.xiaohongshu.com/user/profile/595704bf6f02d6611b075f45/63c879ae000000001b024d62</link>
            
            
            
            <author><![CDATA[李三仟]]></author>
            
                
            
            
        </item>
        
        <item>
            <title><![CDATA[加航避雷💣AC843公务舱被乘务人员种族歧视]]></title>
            <description><![CDATA[<img src="https://sns-img-qc.xhscdn.com/1000g0081rhl4s8keq00049l5dq2bunq5nueflt8" referrerpolicy="no-referrer"><br>加航避雷💣AC843公务舱被乘务人员种族歧视]]></description>
            
            <guid isPermaLink="false">https://www.xiaohongshu.com/user/profile/595704bf6f02d6611b075f45/63b7026a000000001f003b78</guid>
            <link>https://www.xiaohongshu.com/user/profile/595704bf6f02d6611b075f45/63b7026a000000001f003b78</link>
            
            
            
            <author><![CDATA[李三仟]]></author>
            
                
            
            
        </item>
        
        <item>
            <title><![CDATA[谁能不爱巴黎]]></title>
            <description><![CDATA[<img src="https://sns-img-qc.xhscdn.com/1000g0081qhidt1of000049l5dq2bunq57u0d6h0" referrerpolicy="no-referrer"><br>谁能不爱巴黎 ]]></description>
            
            <guid isPermaLink="false">https://www.xiaohongshu.com/user/profile/595704bf6f02d6611b075f45/63aecbce000000002203abc5</guid>
            <link>https://www.xiaohongshu.com/user/profile/595704bf6f02d6611b075f45/63aecbce000000002203abc5</link>
            
            
            
            <author><![CDATA[李三仟]]></author>
            
                
            
            
        </item>
        
        <item>
            <title><![CDATA[多伦多外卖推荐｜川菜/披萨/盒饭/烤鸭]]></title>
            <description><![CDATA[<img src="https://sns-img-qc.xhscdn.com/e38b8d07-19a0-70b1-aada-b7d388052087" referrerpolicy="no-referrer"><br>多伦多外卖推荐｜川菜/披萨/盒饭/烤鸭]]></description>
            
            <guid isPermaLink="false">https://www.xiaohongshu.com/user/profile/595704bf6f02d6611b075f45/639ff9db0000000019022177</guid>
            <link>https://www.xiaohongshu.com/user/profile/595704bf6f02d6611b075f45/639ff9db0000000019022177</link>
            
            
            
            <author><![CDATA[李三仟]]></author>
            
                
            
            
        </item>
        
        <item>
            <title><![CDATA[多伦多今天嘎嘎冷！！]]></title>
            <description><![CDATA[<img src="https://sns-img-qc.xhscdn.com/a452866b-ff60-69b0-d9e3-ccd30dcf7b96" referrerpolicy="no-referrer"><br>多伦多今天嘎嘎冷！！]]></description>
            
            <guid isPermaLink="false">https://www.xiaohongshu.com/user/profile/595704bf6f02d6611b075f45/6369d3bc000000000a0073fa</guid>
            <link>https://www.xiaohongshu.com/user/profile/595704bf6f02d6611b075f45/6369d3bc000000000a0073fa</link>
            
            
            
            <author><![CDATA[李三仟]]></author>
            
                
            
            
        </item>
        
        <item>
            <title><![CDATA[🇨🇦留学日常Plog 近期上学&外食&下厨]]></title>
            <description><![CDATA[<img src="https://sns-img-qc.xhscdn.com/0302ah016e4h9jltr2d01031t430o6xzvw" referrerpolicy="no-referrer"><br>🇨🇦留学日常Plog 近期上学&amp;外食&amp;下厨]]></description>
            
            <guid isPermaLink="false">https://www.xiaohongshu.com/user/profile/595704bf6f02d6611b075f45/634c3e90000000000602bbae</guid>
            <link>https://www.xiaohongshu.com/user/profile/595704bf6f02d6611b075f45/634c3e90000000000602bbae</link>
            
            
            
            <author><![CDATA[李三仟]]></author>
            
                
            
            
        </item>
        
        <item>
            <title><![CDATA[多伦多CN Tower过生日太适合了！]]></title>
            <description><![CDATA[<img src="https://sns-img-qc.xhscdn.com/8aaa2269-f96a-1de5-3a26-dd56f0c01ef1" referrerpolicy="no-referrer"><br>多伦多CN Tower过生日太适合了！]]></description>
            
            <guid isPermaLink="false">https://www.xiaohongshu.com/user/profile/595704bf6f02d6611b075f45/6343871e000000000b0136e2</guid>
            <link>https://www.xiaohongshu.com/user/profile/595704bf6f02d6611b075f45/6343871e000000000b0136e2</link>
            
            
            
            <author><![CDATA[李三仟]]></author>
            
                
            
            
        </item>
        
    </channel>
</rss>
