<?xml version="1.0" encoding="UTF-8"?><rss xmlns:dc="http://purl.org/dc/elements/1.1/" xmlns:content="http://purl.org/rss/1.0/modules/content/" xmlns:atom="http://www.w3.org/2005/Atom" version="2.0" xmlns:media="http://search.yahoo.com/mrss/">
    <channel>
        <title><![CDATA[BBC Sport]]></title>
        <description><![CDATA[BBC Sport - Sport Front Page]]></description>
        <link>https://www.bbc.co.uk/sport</link>
        <image>
            <url>http://news.bbc.co.uk/sol/shared/img/sport_120x60.gif</url>
            <title>BBC Sport</title>
            <link>https://www.bbc.co.uk/sport</link>
        </image>
        <generator>RSS for Node</generator>
        <lastBuildDate>Sat, 03 Aug 2024 00:37:59 GMT</lastBuildDate>
        <atom:link href="https://feeds.bbci.co.uk/sport/rss.xml" rel="self" type="application/rss+xml"/>
        <copyright><![CDATA[Copyright: (C) British Broadcasting Corporation, see https://www.bbc.co.uk/usingthebbc/terms-of-use/#15metadataandrssfeeds for terms and conditions of reuse.]]></copyright>
        <language><![CDATA[en-gb]]></language>
        <ttl>15</ttl>
        <item>
            <title><![CDATA[GB set new Games gold record while France celebrate]]></title>
            <description><![CDATA[Great Britain continue their most successful start to a summer Olympics - reaching nine golds after seven days for the first time ever at the Games.]]></description>
            <link>https://www.bbc.com/sport/olympics/articles/czd9del9e2vo</link>
            <guid isPermaLink="false">https://www.bbc.com/sport/olympics/articles/czd9del9e2vo#0</guid>
            <pubDate>Fri, 02 Aug 2024 20:44:05 GMT</pubDate>
            <media:thumbnail width="240" height="134" url="https://ichef.bbci.co.uk/news/240/cpsprodpb/9916/live/ed47b4b0-5114-11ef-b2d2-cdb23d5d7c5b.jpg"/>
        </item>
        <item>
            <title><![CDATA[Marchand wins fourth gold as GB's Scott & Proud claim silver]]></title>
            <description><![CDATA[Leon Marchand wins a sensational fourth Olympic gold in the Paris pool, beating Duncan Scott into second place moments after Ben Proud also won silver for Team GB.]]></description>
            <link>https://www.bbc.com/sport/olympics/articles/ced3dkx7gnko</link>
            <guid isPermaLink="false">https://www.bbc.com/sport/olympics/articles/ced3dkx7gnko#0</guid>
            <pubDate>Fri, 02 Aug 2024 18:58:20 GMT</pubDate>
            <media:thumbnail width="240" height="134" url="https://ichef.bbci.co.uk/news/240/cpsprodpb/0d08/live/82bebb50-510c-11ef-b706-c1820982efff.jpg"/>
        </item>
        <item>
            <title><![CDATA[Boxing controversy - what we know and what we don't]]></title>
            <description><![CDATA[The IOC's decision to allow the entry of two athletes, that are said to have failed gender eligibility tests, has proved controversial. ]]></description>
            <link>https://www.bbc.com/sport/olympics/articles/cye0ex43k63o</link>
            <guid isPermaLink="false">https://www.bbc.com/sport/olympics/articles/cye0ex43k63o#0</guid>
            <pubDate>Fri, 02 Aug 2024 21:08:52 GMT</pubDate>
            <media:thumbnail width="240" height="135" url="https://ichef.bbci.co.uk/news/240/cpsprodpb/11fd/live/20ea04a0-50cd-11ef-a15b-bb8a197fd388.jpg"/>
        </item>
        <item>
            <title><![CDATA[Paris 2024: What you can expect to watch on Saturday]]></title>
            <description><![CDATA[Our guide to what sports you can expect to watch and when on the BBC on Tuesday.]]></description>
            <link>https://www.bbc.com/sport/olympics/articles/cp08rde012lo</link>
            <guid isPermaLink="false">https://www.bbc.com/sport/olympics/articles/cp08rde012lo#0</guid>
            <pubDate>Fri, 02 Aug 2024 23:02:26 GMT</pubDate>
            <media:thumbnail width="240" height="135" url="https://ichef.bbci.co.uk/news/240/cpsprodpb/79c4/live/fe510d10-4b56-11ef-b2d2-cdb23d5d7c5b.jpg"/>
        </item>
        <item>
            <title><![CDATA[31 gold medals up for grabs - Saturday's key events in Paris]]></title>
            <description><![CDATA[Your day-by-day guide to what is happening when - and who to watch out for - at the Paris 2024 Olympics.]]></description>
            <link>https://www.bbc.com/sport/articles/c1dmp9krz91o</link>
            <guid isPermaLink="false">https://www.bbc.com/sport/articles/c1dmp9krz91o#0</guid>
            <pubDate>Fri, 02 Aug 2024 21:37:15 GMT</pubDate>
            <media:thumbnail width="240" height="135" url="https://ichef.bbci.co.uk/news/240/cpsprodpb/152c/live/6cf10ae0-44f4-11ef-b9f5-adf0805847e7.jpg"/>
        </item>
        <item>
            <title><![CDATA[Page completes Olympic medal set with trampoline gold]]></title>
            <description><![CDATA[Great Britain's Bryony Page wins gold in the final of the women's trampoline at the Olympics, to complete her set after silver in Rio and bronze in Tokyo.]]></description>
            <link>https://www.bbc.com/sport/olympics/videos/c8494ekqyppo</link>
            <guid isPermaLink="false">https://www.bbc.com/sport/olympics/videos/c8494ekqyppo#1</guid>
            <pubDate>Fri, 02 Aug 2024 12:29:06 GMT</pubDate>
            <media:thumbnail width="240" height="135" url="https://ichef.bbci.co.uk/news/240/cpsprodpb/5e77/live/259b3b30-50ce-11ef-aebc-6de4d31bf5cd.jpg"/>
        </item>
        <item>
            <title><![CDATA[GB's team jumpers near-faultless to secure Olympic gold]]></title>
            <description><![CDATA[Scott Brash joins team-mates Ben Maher and Harry Charles with a clear round in the team jumping final to secure gold for Great Britain at Paris 2024.]]></description>
            <link>https://www.bbc.com/sport/olympics/videos/cgere941nvko</link>
            <guid isPermaLink="false">https://www.bbc.com/sport/olympics/videos/cgere941nvko#1</guid>
            <pubDate>Fri, 02 Aug 2024 13:56:53 GMT</pubDate>
            <media:thumbnail width="240" height="135" url="https://ichef.bbci.co.uk/news/240/cpsprodpb/8d9f/live/018850c0-50dd-11ef-aebc-6de4d31bf5cd.jpg"/>
        </item>
        <item>
            <title><![CDATA['Champions forever!' - rowing gold for GB's Craig & Grant]]></title>
            <description><![CDATA[Great Britain's Emily Craig and Imogen Grant win gold in the last Olympic women's lightweight double sculls, after narrowly missing out on a medal in Tokyo.]]></description>
            <link>https://www.bbc.com/sport/olympics/videos/cxe2er6derjo</link>
            <guid isPermaLink="false">https://www.bbc.com/sport/olympics/videos/cxe2er6derjo#1</guid>
            <pubDate>Fri, 02 Aug 2024 10:54:25 GMT</pubDate>
            <media:thumbnail width="240" height="135" url="https://ichef.bbci.co.uk/news/240/cpsprodpb/7c84/live/c2259200-50cb-11ef-aebc-6de4d31bf5cd.jpg"/>
        </item>
        <item>
            <title><![CDATA[GB's Scott wins silver as Marchand storms to gold]]></title>
            <description><![CDATA[Watch as Great Britain's Duncan Scott wins silver in the men's 200m individual medley behind France's Leon Marchand on day seven of the Paris 2024 Olympics.]]></description>
            <link>https://www.bbc.com/sport/olympics/videos/cg3j3n13331o</link>
            <guid isPermaLink="false">https://www.bbc.com/sport/olympics/videos/cg3j3n13331o#1</guid>
            <pubDate>Fri, 02 Aug 2024 19:14:29 GMT</pubDate>
            <media:thumbnail width="240" height="135" url="https://ichef.bbci.co.uk/news/240/cpsprodpb/a42f/live/2e74dd90-5102-11ef-aebc-6de4d31bf5cd.jpg"/>
        </item>
        <item>
            <title><![CDATA['Bedlam in Bordeaux' - Scuffles break out at end of France-Argentina game]]></title>
            <description><![CDATA[Watch as scuffles break out between the teams after the final whistle of the quarter-final match that saw France beat Argentina 1-0 on day seven of the Paris 2024 Olympics.]]></description>
            <link>https://www.bbc.com/sport/olympics/videos/c4ngn05e9geo</link>
            <guid isPermaLink="false">https://www.bbc.com/sport/olympics/videos/c4ngn05e9geo#1</guid>
            <pubDate>Fri, 02 Aug 2024 21:29:56 GMT</pubDate>
            <media:thumbnail width="240" height="135" url="https://ichef.bbci.co.uk/news/240/cpsprodpb/30f1/live/fdc5a900-5114-11ef-aebc-6de4d31bf5cd.jpg"/>
        </item>
        <item>
            <title><![CDATA[Page wins Team GB's first trampoline gold]]></title>
            <description><![CDATA[Bryony Page wins Great Britain's first trampoline Olympic gold to complete her set of a medal of every colour.]]></description>
            <link>https://www.bbc.com/sport/olympics/articles/cd1718v0lw4o</link>
            <guid isPermaLink="false">https://www.bbc.com/sport/olympics/articles/cd1718v0lw4o#2</guid>
            <pubDate>Fri, 02 Aug 2024 14:40:54 GMT</pubDate>
            <media:thumbnail width="240" height="134" url="https://ichef.bbci.co.uk/news/240/cpsprodpb/9499/live/1ecae340-50cf-11ef-b2d2-cdb23d5d7c5b.jpg"/>
        </item>
        <item>
            <title><![CDATA[GB win team jumping gold for first time since 2012]]></title>
            <description><![CDATA[Great Britain win Olympic team jumping gold for the first time since London 2012 with a near-faultless performance in Paris.]]></description>
            <link>https://www.bbc.com/sport/olympics/articles/cg646xqqr2qo</link>
            <guid isPermaLink="false">https://www.bbc.com/sport/olympics/articles/cg646xqqr2qo#2</guid>
            <pubDate>Fri, 02 Aug 2024 13:45:36 GMT</pubDate>
            <media:thumbnail width="240" height="136" url="https://ichef.bbci.co.uk/news/240/cpsprodpb/4485/live/ec52b2b0-50da-11ef-b2d2-cdb23d5d7c5b.jpg"/>
        </item>
        <item>
            <title><![CDATA[Hodgkinson makes winning start to Olympic title bid]]></title>
            <description><![CDATA[Great Britain's Keely Hodgkinson makes a winning start to her Olympic 800m title bid as Joshua Cheptegei claims the first track gold at Paris 2024 in the 10,000m.]]></description>
            <link>https://www.bbc.com/sport/olympics/articles/cqe6ez583nmo</link>
            <guid isPermaLink="false">https://www.bbc.com/sport/olympics/articles/cqe6ez583nmo#2</guid>
            <pubDate>Fri, 02 Aug 2024 20:28:58 GMT</pubDate>
            <media:thumbnail width="240" height="134" url="https://ichef.bbci.co.uk/news/240/cpsprodpb/fee5/live/977bcf00-5103-11ef-b2d2-cdb23d5d7c5b.jpg"/>
        </item>
        <item>
            <title><![CDATA[Khelif being in women's boxing not fair, says next opponent]]></title>
            <description><![CDATA[Hungarian boxer Anna Luca Hamori says she doesn't "think it's fair" that her next opponent, Imane Khelif, is in the women's category.]]></description>
            <link>https://www.bbc.com/sport/olympics/articles/cnd0drjr4jdo</link>
            <guid isPermaLink="false">https://www.bbc.com/sport/olympics/articles/cnd0drjr4jdo#2</guid>
            <pubDate>Fri, 02 Aug 2024 21:53:28 GMT</pubDate>
            <media:thumbnail width="240" height="135" url="https://ichef.bbci.co.uk/news/240/cpsprodpb/9b28/live/25e90a10-50ef-11ef-aebc-6de4d31bf5cd.png"/>
        </item>
        <item>
            <title><![CDATA[What next for Murray after his retirement?]]></title>
            <description><![CDATA[On Friday, Andy Murray began life as a retired tennis player. BBC Sport looks at how he will spend the near future and what the longer term might hold.]]></description>
            <link>https://www.bbc.com/sport/olympics/articles/c3grg4qp2zno</link>
            <guid isPermaLink="false">https://www.bbc.com/sport/olympics/articles/c3grg4qp2zno#2</guid>
            <pubDate>Fri, 02 Aug 2024 18:26:35 GMT</pubDate>
            <media:thumbnail width="240" height="135" url="https://ichef.bbci.co.uk/news/240/cpsprodpb/03a6/live/7ba2e6d0-50de-11ef-b2d2-cdb23d5d7c5b.jpg"/>
        </item>
        <item>
            <title><![CDATA[GB's Proud wins 'brilliant' 50m freestyle silver]]></title>
            <description><![CDATA[Watch as Great Britain's Ben Proud wins a "brilliant" silver medal in the men's 50m freestyle final on day seven of the Paris 2024 Olympics.]]></description>
            <link>https://www.bbc.com/sport/olympics/videos/clwywdqrppqo</link>
            <guid isPermaLink="false">https://www.bbc.com/sport/olympics/videos/clwywdqrppqo#2</guid>
            <pubDate>Fri, 02 Aug 2024 18:54:01 GMT</pubDate>
            <media:thumbnail width="240" height="135" url="https://ichef.bbci.co.uk/news/240/cpsprodpb/297c/live/d8215380-50ff-11ef-aebc-6de4d31bf5cd.jpg"/>
        </item>
        <item>
            <title><![CDATA[Craig & Grant cruise to gold after men win silver]]></title>
            <description><![CDATA[Emily Craig and Imogen Grant win Great Britain’s second rowing gold of the Paris Olympics with a commanding performance in the women’s lightweight double sculls.]]></description>
            <link>https://www.bbc.com/sport/olympics/articles/cm525enmz20o</link>
            <guid isPermaLink="false">https://www.bbc.com/sport/olympics/articles/cm525enmz20o#2</guid>
            <pubDate>Fri, 02 Aug 2024 09:53:14 GMT</pubDate>
            <media:thumbnail width="240" height="134" url="https://ichef.bbci.co.uk/news/240/cpsprodpb/4f0b/live/664730b0-50bc-11ef-aebc-6de4d31bf5cd.jpg"/>
        </item>
        <item>
            <title><![CDATA[Ugly scenes as France edge out Argentina in quarter-final]]></title>
            <description><![CDATA[France set up an Olympic men's football semi-final with Egypt by beating Argentina 1-0 in the quarter-finals.]]></description>
            <link>https://www.bbc.com/sport/olympics/articles/c7282z4kjj5o</link>
            <guid isPermaLink="false">https://www.bbc.com/sport/olympics/articles/c7282z4kjj5o#2</guid>
            <pubDate>Fri, 02 Aug 2024 21:18:13 GMT</pubDate>
            <media:thumbnail width="240" height="135" url="https://ichef.bbci.co.uk/news/240/cpsprodpb/3eb5/live/57f74f40-5125-11ef-b2d2-cdb23d5d7c5b.jpg"/>
        </item>
        <item>
            <title><![CDATA[Hull KR stun Warrington to go top of Super League]]></title>
            <description><![CDATA[Hull KR produce an outstanding display to leapfrog Warrington Wolves and go top of the Super League.]]></description>
            <link>https://www.bbc.com/sport/rugby-league/articles/c728p6xpz42o</link>
            <guid isPermaLink="false">https://www.bbc.com/sport/rugby-league/articles/c728p6xpz42o#2</guid>
            <pubDate>Fri, 02 Aug 2024 22:13:10 GMT</pubDate>
            <media:thumbnail width="240" height="135" url="https://ichef.bbci.co.uk/news/240/cpsprodpb/0362/live/0e16c0f0-5115-11ef-b302-a119e4ed895b.jpg"/>
        </item>
        <item>
            <title><![CDATA[West Ham agree £27m fee to sign Germany's Fullkrug]]></title>
            <description><![CDATA[West Ham agree a fee worth £27m to sign Germany striker Niclas Fullkrug from Borussia Dortmund.]]></description>
            <link>https://www.bbc.com/sport/football/articles/crglg4xj499o</link>
            <guid isPermaLink="false">https://www.bbc.com/sport/football/articles/crglg4xj499o#2</guid>
            <pubDate>Fri, 02 Aug 2024 22:46:44 GMT</pubDate>
            <media:thumbnail width="240" height="135" url="https://ichef.bbci.co.uk/news/240/cpsprodpb/a73f/live/12d3ef50-511f-11ef-8856-89ff35c08151.jpg"/>
        </item>
        <item>
            <title><![CDATA[Watch: Australian trampoline gymnast takes heavy fall ]]></title>
            <description><![CDATA[Watch as Australian trampoline gymnast Brock Batty takes a heavy fall in qualifying on day seven of the Paris 2024 Olympics.]]></description>
            <link>https://www.bbc.com/sport/olympics/videos/cy797p5455lo</link>
            <guid isPermaLink="false">https://www.bbc.com/sport/olympics/videos/cy797p5455lo#2</guid>
            <pubDate>Fri, 02 Aug 2024 18:18:17 GMT</pubDate>
            <media:thumbnail width="240" height="135" url="https://ichef.bbci.co.uk/news/240/cpsprodpb/8ff2/live/582c1350-5103-11ef-8f0f-0577398c3339.jpg"/>
        </item>
        <item>
            <title><![CDATA[Swimmer Potocka 'fine' after post-race collapse]]></title>
            <description><![CDATA[Slovakian swimmer Tamara Potocka is "fine", her team says, after collapsing following her 200m medley heat at the Paris Olympics.]]></description>
            <link>https://www.bbc.com/sport/olympics/articles/c03537dqjg1o</link>
            <guid isPermaLink="false">https://www.bbc.com/sport/olympics/articles/c03537dqjg1o#2</guid>
            <pubDate>Fri, 02 Aug 2024 17:53:56 GMT</pubDate>
            <media:thumbnail width="240" height="135" url="https://ichef.bbci.co.uk/news/240/cpsprodpb/dff2/live/6c4a9bb0-50bb-11ef-9dad-073bd3956ad4.jpg"/>
        </item>
        <item>
            <title><![CDATA[Who to watch out for as Scottish Premiership kicks off]]></title>
            <description><![CDATA[There are plenty of new faces who will be attracting attention as the Scottish Premiership season begins this weekend. ]]></description>
            <link>https://www.bbc.com/sport/football/articles/c1346l5vldko</link>
            <guid isPermaLink="false">https://www.bbc.com/sport/football/articles/c1346l5vldko#3</guid>
            <pubDate>Thu, 01 Aug 2024 13:45:58 GMT</pubDate>
            <media:thumbnail width="240" height="135" url="https://ichef.bbci.co.uk/news/240/cpsprodpb/0280/live/a894e600-4fff-11ef-aebc-6de4d31bf5cd.png"/>
        </item>
        <item>
            <title><![CDATA[Djokovic sets up Olympic final with Alcaraz]]></title>
            <description><![CDATA[Novak Djokovic will face Carlos Alcaraz in Saturday's men's singles gold-medal match, which will be a repeat of last month's Wimbledon final.]]></description>
            <link>https://www.bbc.com/sport/olympics/articles/c7282nzl0ljo</link>
            <guid isPermaLink="false">https://www.bbc.com/sport/olympics/articles/c7282nzl0ljo#3</guid>
            <pubDate>Fri, 02 Aug 2024 21:08:16 GMT</pubDate>
            <media:thumbnail width="240" height="134" url="https://ichef.bbci.co.uk/news/240/cpsprodpb/44fe/live/62f70160-5116-11ef-b2d2-cdb23d5d7c5b.jpg"/>
        </item>
        <item>
            <title><![CDATA[Bayern reject Man Utd's double bid - Saturday's gossip]]></title>
            <description><![CDATA[Bayern Munich reject a joint bid from Manchester United for Matthijs de Ligt and Noussair Mazraoui, Newcastle to discuss new deal with Anthony Gordon, plus more.]]></description>
            <link>https://www.bbc.com/sport/football/articles/ce78739rygwo</link>
            <guid isPermaLink="false">https://www.bbc.com/sport/football/articles/ce78739rygwo#3</guid>
            <pubDate>Fri, 02 Aug 2024 21:46:15 GMT</pubDate>
            <media:thumbnail width="240" height="135" url="https://ichef.bbci.co.uk/news/240/cpsprodpb/9540/live/dbecf4f0-5114-11ef-8f0f-0577398c3339.png"/>
        </item>
        <item>
            <title><![CDATA[Pooran powers Superchargers to win over Invincibles]]></title>
            <description><![CDATA[Nicholas Pooran's unbeaten 65 proves the difference as Northern Superchargers claim a 19-run win over Oval Invincibles in The Hundred men's competition.]]></description>
            <link>https://www.bbc.com/sport/cricket/articles/c9r3rnlg7p4o</link>
            <guid isPermaLink="false">https://www.bbc.com/sport/cricket/articles/c9r3rnlg7p4o#3</guid>
            <pubDate>Fri, 02 Aug 2024 21:06:35 GMT</pubDate>
            <media:thumbnail width="240" height="135" url="https://ichef.bbci.co.uk/news/240/cpsprodpb/0d61/live/1a334d60-5109-11ef-b706-c1820982efff.jpg"/>
        </item>
        <item>
            <title><![CDATA[Lin wins controversial first bout at Paris Olympics]]></title>
            <description><![CDATA[Taiwanese boxer Lin Yu-ting, whose inclusion in Paris 2024 has sparked controversy, wins her first bout of the Games.]]></description>
            <link>https://www.bbc.com/sport/olympics/articles/cpv3vexdq1ro</link>
            <guid isPermaLink="false">https://www.bbc.com/sport/olympics/articles/cpv3vexdq1ro#3</guid>
            <pubDate>Fri, 02 Aug 2024 14:00:37 GMT</pubDate>
            <media:thumbnail width="240" height="135" url="https://ichef.bbci.co.uk/news/240/cpsprodpb/f302/live/864040c0-50e7-11ef-8f0f-0577398c3339.jpg"/>
        </item>
        <item>
            <title><![CDATA[GB's Laugher & Harding win synchro 3m bronze]]></title>
            <description><![CDATA[Jack Laugher and Anthony Harding claim a fine bronze for Great Britain in synchronised 3m springboard diving at the Olympic Games in Paris.]]></description>
            <link>https://www.bbc.com/sport/olympics/articles/c3gwgd8e9jqo</link>
            <guid isPermaLink="false">https://www.bbc.com/sport/olympics/articles/c3gwgd8e9jqo#3</guid>
            <pubDate>Fri, 02 Aug 2024 16:19:20 GMT</pubDate>
            <media:thumbnail width="240" height="135" url="https://ichef.bbci.co.uk/news/240/cpsprodpb/e589/live/94d73b80-50b9-11ef-b2d2-cdb23d5d7c5b.jpg"/>
        </item>
        <item>
            <title><![CDATA[Croatia comeback edges George and Wynne-Griffith into silver]]></title>
            <description><![CDATA[Team GB's men's pair of Tom George and Ollie Wynne-Griffith are overtaken just before the finish line to leave them with a silver medal in the rowing at Paris 2024.]]></description>
            <link>https://www.bbc.com/sport/olympics/videos/c51y1ejv4gxo</link>
            <guid isPermaLink="false">https://www.bbc.com/sport/olympics/videos/c51y1ejv4gxo#4</guid>
            <pubDate>Fri, 02 Aug 2024 09:57:19 GMT</pubDate>
            <media:thumbnail width="240" height="135" url="https://ichef.bbci.co.uk/news/240/cpsprodpb/f287/live/1b493560-50b5-11ef-8f0f-0577398c3339.jpg"/>
        </item>
        <item>
            <title><![CDATA[Laugher and Harding win 3m synchro diving bronze]]></title>
            <description><![CDATA[Jack Laugher and Anthony Harding win bronze in the men's 3m synchronised springboard behind gold medallists China and an inspired Mexican pair at Paris 2024.]]></description>
            <link>https://www.bbc.com/sport/olympics/videos/c9r3rl97knlo</link>
            <guid isPermaLink="false">https://www.bbc.com/sport/olympics/videos/c9r3rl97knlo#4</guid>
            <pubDate>Fri, 02 Aug 2024 10:26:46 GMT</pubDate>
            <media:thumbnail width="240" height="135" url="https://ichef.bbci.co.uk/news/240/cpsprodpb/af96/live/8ac1c350-50bd-11ef-8f0f-0577398c3339.jpg"/>
        </item>
        <item>
            <title><![CDATA[Watch: Palace's Mateta fires France to victory against Argentina]]></title>
            <description><![CDATA[Watch as Crystal Palace striker Jean-Philippe Mateta scores the winner as France beat Argentina 1-0 in their quarter-final match on day seven of the Paris 2024 Olympics.]]></description>
            <link>https://www.bbc.com/sport/olympics/videos/crg4gk656pgo</link>
            <guid isPermaLink="false">https://www.bbc.com/sport/olympics/videos/crg4gk656pgo#4</guid>
            <pubDate>Fri, 02 Aug 2024 20:34:08 GMT</pubDate>
            <media:thumbnail width="240" height="135" url="https://ichef.bbci.co.uk/news/240/cpsprodpb/4b57/live/b34975f0-510f-11ef-8f0f-0577398c3339.jpg"/>
        </item>
        <item>
            <title><![CDATA[GB's Reekie, Gill & Hodgkinson reach 800m semi-finals]]></title>
            <description><![CDATA[Watch as Great Britain's Jemma Reekie, Phoebe Gill and Keely Hodgkinson qualify for the women's 800m semi-finals after finishing in the top three of their heats on day seven of the Paris 2024 Olympics.]]></description>
            <link>https://www.bbc.com/sport/olympics/videos/cpe3e9llj4jo</link>
            <guid isPermaLink="false">https://www.bbc.com/sport/olympics/videos/cpe3e9llj4jo#4</guid>
            <pubDate>Fri, 02 Aug 2024 19:01:35 GMT</pubDate>
            <media:thumbnail width="240" height="135" url="https://ichef.bbci.co.uk/news/240/cpsprodpb/bd56/live/2494bf80-5101-11ef-aebc-6de4d31bf5cd.jpg"/>
        </item>
        <item>
            <title><![CDATA[Sutherland & Pooran star - The Hundred plays of the day]]></title>
            <description><![CDATA[Watch the best of the day's play as Oval Invincibles take on Northern Superchargers on day 11 of The Hundred.]]></description>
            <link>https://www.bbc.com/sport/cricket/videos/ckkgk450ze7o</link>
            <guid isPermaLink="false">https://www.bbc.com/sport/cricket/videos/ckkgk450ze7o#4</guid>
            <pubDate>Fri, 02 Aug 2024 22:21:39 GMT</pubDate>
            <media:thumbnail width="240" height="135" url="https://ichef.bbci.co.uk/news/240/cpsprodpb/724c/live/5d3d3ad0-511d-11ef-aebc-6de4d31bf5cd.jpg"/>
        </item>
        <item>
            <title><![CDATA[Watch: GB cruise into mixed 4x400m relay final]]></title>
            <description><![CDATA[Watch as Great Britain's track athletes qualify for the 4x400m mixed relay final after winning their qualifying heat on day seven of the Paris 2024 Olympics.]]></description>
            <link>https://www.bbc.com/sport/olympics/videos/cl4y4z2xp0po</link>
            <guid isPermaLink="false">https://www.bbc.com/sport/olympics/videos/cl4y4z2xp0po#4</guid>
            <pubDate>Fri, 02 Aug 2024 17:51:37 GMT</pubDate>
            <media:thumbnail width="240" height="135" url="https://ichef.bbci.co.uk/news/240/cpsprodpb/4872/live/51e82540-50f6-11ef-b2d2-cdb23d5d7c5b.jpg"/>
        </item>
        <item>
            <title><![CDATA[USA set 4x400m mixed relay world record]]></title>
            <description><![CDATA[Watch as the USA set a new world record in their 4x400m mixed relay heat to qualify for the final on day seven of the Paris 2024 Olympics.]]></description>
            <link>https://www.bbc.com/sport/olympics/videos/czrjrp8md13o</link>
            <guid isPermaLink="false">https://www.bbc.com/sport/olympics/videos/czrjrp8md13o#4</guid>
            <pubDate>Fri, 02 Aug 2024 18:03:05 GMT</pubDate>
            <media:thumbnail width="240" height="135" url="https://ichef.bbci.co.uk/news/240/cpsprodpb/18ff/live/26097440-50f8-11ef-8f0f-0577398c3339.jpg"/>
        </item>
        <item>
            <title><![CDATA['Absolute class!' France judo legend Riner wins fourth Olympic gold]]></title>
            <description><![CDATA[Watch as France's Teddy Riner demonstrates his "absolute class" to win the four Olympic gold of his career with victory in the men's +100kg judo final on day seven of the Paris 2024.]]></description>
            <link>https://www.bbc.com/sport/olympics/videos/cldyd1d3ln5o</link>
            <guid isPermaLink="false">https://www.bbc.com/sport/olympics/videos/cldyd1d3ln5o#4</guid>
            <pubDate>Fri, 02 Aug 2024 16:32:14 GMT</pubDate>
            <media:thumbnail width="240" height="135" url="https://ichef.bbci.co.uk/news/240/cpsprodpb/3961/live/bce9a4a0-50eb-11ef-8f0f-0577398c3339.jpg"/>
        </item>
        <item>
            <title><![CDATA['What a race!' - France win all three men's BMX racing medals]]></title>
            <description><![CDATA[Watch as France's Joris Daudet, Sylvain Andre and Romain Mahieu take the gold, silver and bronze medals in the men's BMX racing final on day seven of the Paris 2024 Olympics.]]></description>
            <link>https://www.bbc.com/sport/olympics/videos/c51y12dnq2vo</link>
            <guid isPermaLink="false">https://www.bbc.com/sport/olympics/videos/c51y12dnq2vo#4</guid>
            <pubDate>Fri, 02 Aug 2024 19:56:00 GMT</pubDate>
            <media:thumbnail width="240" height="135" url="https://ichef.bbci.co.uk/news/240/cpsprodpb/cc0b/live/8dbb1110-5108-11ef-b2d2-cdb23d5d7c5b.jpg"/>
        </item>
        <item>
            <title><![CDATA[GB's Fleetwood shares lead but McIlroy six back]]></title>
            <description><![CDATA[Great Britain's Tommy Fleetwood moves into contention for a medal in the Olympic men's golf event with a second-round 64 but Rory McIlroy fails to mount a charge.]]></description>
            <link>https://www.bbc.com/sport/olympics/articles/cpe3e7vede7o</link>
            <guid isPermaLink="false">https://www.bbc.com/sport/olympics/articles/cpe3e7vede7o#6</guid>
            <pubDate>Fri, 02 Aug 2024 15:39:40 GMT</pubDate>
            <media:thumbnail width="240" height="166" url="https://ichef.bbci.co.uk/news/240/cpsprodpb/49e4/live/427750d0-511a-11ef-b2d2-cdb23d5d7c5b.jpg"/>
        </item>
        <item>
            <title><![CDATA[Shriever eighth after GB team-mate Whyte crashes]]></title>
            <description><![CDATA[Bethany Shriever's Olympic title defence ends in disappointment as she finishes last in BMX racing final in Paris.]]></description>
            <link>https://www.bbc.com/sport/olympics/articles/c9r3rder707o</link>
            <guid isPermaLink="false">https://www.bbc.com/sport/olympics/articles/c9r3rder707o#6</guid>
            <pubDate>Fri, 02 Aug 2024 20:25:56 GMT</pubDate>
            <media:thumbnail width="240" height="134" url="https://ichef.bbci.co.uk/news/240/cpsprodpb/536c/live/a418da70-5115-11ef-aebc-6de4d31bf5cd.jpg"/>
        </item>
        <item>
            <title><![CDATA[Convicted rapist Van de Velde booed loudly during defeat]]></title>
            <description><![CDATA[Convicted child rapist Steven van de Velde is loudly booed when playing for the Netherlands in their beach volleyball defeat by Norway at the Olympics.]]></description>
            <link>https://www.bbc.com/sport/olympics/articles/c51y123k0w3o</link>
            <guid isPermaLink="false">https://www.bbc.com/sport/olympics/articles/c51y123k0w3o#6</guid>
            <pubDate>Fri, 02 Aug 2024 19:08:16 GMT</pubDate>
            <media:thumbnail width="240" height="134" url="https://ichef.bbci.co.uk/news/240/cpsprodpb/9b22/live/2c7c65c0-50fe-11ef-882f-654b657564c8.jpg"/>
        </item>
        <item>
            <title><![CDATA[Fulham sign Smith Rowe from Arsenal for club record fee]]></title>
            <description><![CDATA[Fulham announce the club record signing of Arsenal midfielder Emile Smith Rowe for an initial £27m fee.]]></description>
            <link>https://www.bbc.com/sport/football/articles/cw0yvj275dvo</link>
            <guid isPermaLink="false">https://www.bbc.com/sport/football/articles/cw0yvj275dvo#6</guid>
            <pubDate>Fri, 02 Aug 2024 13:19:43 GMT</pubDate>
            <media:thumbnail width="240" height="134" url="https://ichef.bbci.co.uk/news/240/cpsprodpb/4e5a/live/9d931ca0-4f40-11ef-b2d2-cdb23d5d7c5b.png"/>
        </item>
        <item>
            <title><![CDATA[I want to apologise to Khelif - Italian boxer Carini]]></title>
            <description><![CDATA[Angela Carini says she "wants to apologise" to Algerian boxer Imane Khelif after there was no handshake at the end of their Olympic fight.]]></description>
            <link>https://www.bbc.com/sport/olympics/articles/c2j3jg51rg4o</link>
            <guid isPermaLink="false">https://www.bbc.com/sport/olympics/articles/c2j3jg51rg4o#6</guid>
            <pubDate>Fri, 02 Aug 2024 22:24:04 GMT</pubDate>
            <media:thumbnail width="240" height="135" url="https://ichef.bbci.co.uk/news/240/cpsprodpb/81ee/live/75a0ef80-50ec-11ef-aebc-6de4d31bf5cd.jpg"/>
        </item>
        <item>
            <title><![CDATA[Newcastle approach Palace over Guehi deal]]></title>
            <description><![CDATA[Newcastle United approach Crystal Palace about signing England centre-back Marc Guehi.]]></description>
            <link>https://www.bbc.com/sport/football/articles/c4ngnk14gnvo</link>
            <guid isPermaLink="false">https://www.bbc.com/sport/football/articles/c4ngnk14gnvo#6</guid>
            <pubDate>Fri, 02 Aug 2024 20:19:37 GMT</pubDate>
            <media:thumbnail width="240" height="135" url="https://ichef.bbci.co.uk/news/240/cpsprodpb/ec8f/live/b2bdf110-510a-11ef-b706-c1820982efff.jpg"/>
        </item>
        <item>
            <title><![CDATA[Raducanu knocked out of Washington Open by Badosa]]></title>
            <description><![CDATA[Emma Raducanu is beaten by Paula Badosa in three sets as she is knocked out of the Washington Open in the quarter-finals.]]></description>
            <link>https://www.bbc.com/sport/tennis/articles/cn0506wlvllo</link>
            <guid isPermaLink="false">https://www.bbc.com/sport/tennis/articles/cn0506wlvllo#6</guid>
            <pubDate>Fri, 02 Aug 2024 21:39:34 GMT</pubDate>
            <media:thumbnail width="240" height="134" url="https://ichef.bbci.co.uk/news/240/cpsprodpb/7f79/live/f5b04360-5114-11ef-b302-a119e4ed895b.jpg"/>
        </item>
        <item>
            <title><![CDATA[The gold & silver medals that will not be in Olympic table]]></title>
            <description><![CDATA[Ivan Litvinovich and Viyaleta Bardzilouskaya know they have won Olympic medals, but will not be shown in the official medal table - this is why.]]></description>
            <link>https://www.bbc.com/sport/olympics/articles/c1343pvd456o</link>
            <guid isPermaLink="false">https://www.bbc.com/sport/olympics/articles/c1343pvd456o#7</guid>
            <pubDate>Fri, 02 Aug 2024 19:22:44 GMT</pubDate>
            <media:thumbnail width="240" height="135" url="https://ichef.bbci.co.uk/news/240/cpsprodpb/3e28/live/3488b8c0-5100-11ef-9143-61e1b136c8b1.png"/>
        </item>
        <item>
            <title><![CDATA[Clement backs 'longer term' Rangers plan with new deal]]></title>
            <description><![CDATA[Rangers manager Philippe Clement signs a contract extension until the summer of 2028.]]></description>
            <link>https://www.bbc.com/sport/football/articles/c03l3n8p9ejo</link>
            <guid isPermaLink="false">https://www.bbc.com/sport/football/articles/c03l3n8p9ejo#7</guid>
            <pubDate>Fri, 02 Aug 2024 18:00:50 GMT</pubDate>
            <media:thumbnail width="240" height="135" url="https://ichef.bbci.co.uk/news/240/cpsprodpb/34d4/live/5adde620-50b1-11ef-9462-ef4aa241f684.jpg"/>
        </item>
        <item>
            <title><![CDATA[GB face Germany in BJK Finals opener]]></title>
            <description><![CDATA[Great Britain face Germany in their opening game of the Billie Jean King Cup finals on 15 November in Malaga.]]></description>
            <link>https://www.bbc.com/sport/tennis/articles/c4ngnvmwv0eo</link>
            <guid isPermaLink="false">https://www.bbc.com/sport/tennis/articles/c4ngnvmwv0eo#7</guid>
            <pubDate>Fri, 02 Aug 2024 15:30:35 GMT</pubDate>
            <media:thumbnail width="240" height="135" url="https://ichef.bbci.co.uk/news/240/cpsprodpb/7316/live/744d0b30-50df-11ef-9a4e-3bb4ba0109d8.jpg"/>
        </item>
        <item>
            <title><![CDATA[51 moves and going strong at 45 - meet football's ultimate journeyman]]></title>
            <description><![CDATA[As he gets ready to embark on yet another season, BBC Sport meets Jefferson Louis - football's ultimate journeyman - who has changed clubs a remarkable 51 times.]]></description>
            <link>https://www.bbc.com/sport/football/articles/c51ynqw5re2o</link>
            <guid isPermaLink="false">https://www.bbc.com/sport/football/articles/c51ynqw5re2o#7</guid>
            <pubDate>Fri, 02 Aug 2024 05:52:04 GMT</pubDate>
            <media:thumbnail width="240" height="134" url="https://ichef.bbci.co.uk/news/240/cpsprodpb/c9ff/live/f7f80040-4ff2-11ef-8f0f-0577398c3339.png"/>
        </item>
        <item>
            <title><![CDATA[Big Evs edges Asfoora to win King George Stakes]]></title>
            <description><![CDATA[Big Evs edges a sprint finish with Asfoora to win the King George Stakes at Goodwood.]]></description>
            <link>https://www.bbc.com/sport/horse-racing/articles/c80x0rlzqe2o</link>
            <guid isPermaLink="false">https://www.bbc.com/sport/horse-racing/articles/c80x0rlzqe2o#7</guid>
            <pubDate>Fri, 02 Aug 2024 15:37:51 GMT</pubDate>
            <media:thumbnail width="240" height="135" url="https://ichef.bbci.co.uk/news/240/cpsprodpb/4d0e/live/8ba60900-50e2-11ef-bf26-6d9f6165d706.jpg"/>
        </item>
        <item>
            <title><![CDATA[Man Utd sign Sweden full-back Sandberg from Hacken]]></title>
            <description><![CDATA[Manchester United sign Sweden defender Anna Sandberg on a three-year deal with an option for a further season.]]></description>
            <link>https://www.bbc.com/sport/football/articles/c9787999178o</link>
            <guid isPermaLink="false">https://www.bbc.com/sport/football/articles/c9787999178o#7</guid>
            <pubDate>Fri, 02 Aug 2024 14:03:11 GMT</pubDate>
            <media:thumbnail width="240" height="134" url="https://ichef.bbci.co.uk/news/240/cpsprodpb/1a21/live/4bb640c0-50b6-11ef-b2d2-cdb23d5d7c5b.jpg"/>
        </item>
        <item>
            <title><![CDATA['Celtic hold all the aces at home amid clamour for more ambition']]></title>
            <description><![CDATA[Celtic begin the quest for yet another title in a position of strength but manager Brendan Rodgers "does not want to live in a comfort zone", writes Tom English.]]></description>
            <link>https://www.bbc.com/sport/football/articles/c87rz2p3k8mo</link>
            <guid isPermaLink="false">https://www.bbc.com/sport/football/articles/c87rz2p3k8mo#7</guid>
            <pubDate>Fri, 02 Aug 2024 07:25:59 GMT</pubDate>
            <media:thumbnail width="240" height="135" url="https://ichef.bbci.co.uk/news/240/cpsprodpb/7738/live/5c1e0320-4ff4-11ef-84d2-6dfa3a7469fb.jpg"/>
        </item>
        <item>
            <title><![CDATA[Ten Hag Q&A: Man Utd boss has 'left behind' job review]]></title>
            <description><![CDATA[Manchester United manager Erik ten Hag answers questions from BBC Sport's Simon Stone on the 'football review' and his hopes for the new season.]]></description>
            <link>https://www.bbc.com/sport/football/articles/cgerenr1ddno</link>
            <guid isPermaLink="false">https://www.bbc.com/sport/football/articles/cgerenr1ddno#8</guid>
            <pubDate>Fri, 02 Aug 2024 08:01:05 GMT</pubDate>
            <media:thumbnail width="240" height="135" url="https://ichef.bbci.co.uk/news/240/cpsprodpb/638d/live/ce88a9e0-50aa-11ef-aebc-6de4d31bf5cd.jpg"/>
        </item>
        <item>
            <title><![CDATA[Crawford should be 'American superstar' - Hearn]]></title>
            <description><![CDATA[
Terence Crawford should be considered an "American superstar" Eddie Hearn says - but he is hopeful his fighter Israil Madrimov will triumph on Saturday.]]></description>
            <link>https://www.bbc.com/sport/boxing/articles/c88681xl0xno</link>
            <guid isPermaLink="false">https://www.bbc.com/sport/boxing/articles/c88681xl0xno#8</guid>
            <pubDate>Fri, 02 Aug 2024 12:32:52 GMT</pubDate>
            <media:thumbnail width="240" height="135" url="https://ichef.bbci.co.uk/news/240/cpsprodpb/26c0/live/26a44490-50bf-11ef-9dad-073bd3956ad4.jpg"/>
        </item>
        <item>
            <title><![CDATA[Canada fail in appeal for medal after Valieva doping ban]]></title>
            <description><![CDATA[Canada fail in an appeal to be awarded a bronze medal from the 2022 Winter Olympic team figure skating event.]]></description>
            <link>https://www.bbc.com/sport/articles/c8494dyz173o</link>
            <guid isPermaLink="false">https://www.bbc.com/sport/articles/c8494dyz173o#8</guid>
            <pubDate>Fri, 02 Aug 2024 15:32:06 GMT</pubDate>
            <media:thumbnail width="240" height="135" url="https://ichef.bbci.co.uk/news/240/cpsprodpb/be58/live/fe2bf7a0-50e2-11ef-bf26-6d9f6165d706.jpg"/>
        </item>
        <item>
            <title><![CDATA[Former NI & Newcastle midfielder Cassidy dies at 73]]></title>
            <description><![CDATA[Former Newcastle United midfielder Tommy Cassidy, a member of Northern Ireland's 1982 World Cup squad, dies aged 73.]]></description>
            <link>https://www.bbc.com/sport/football/articles/c2505p321vxo</link>
            <guid isPermaLink="false">https://www.bbc.com/sport/football/articles/c2505p321vxo#8</guid>
            <pubDate>Fri, 02 Aug 2024 12:20:15 GMT</pubDate>
            <media:thumbnail width="240" height="134" url="https://ichef.bbci.co.uk/news/240/cpsprodpb/012c/live/aa377260-50c3-11ef-9dad-073bd3956ad4.jpg"/>
        </item>
        <item>
            <title><![CDATA[Neville acquires Lim's Salford City stake]]></title>
            <description><![CDATA[Gary Neville acquires Peter Lim's interest in Salford City, "paving the way for a new strategic partner", the League Two club has said.]]></description>
            <link>https://www.bbc.com/sport/football/articles/c1474ry9g4zo</link>
            <guid isPermaLink="false">https://www.bbc.com/sport/football/articles/c1474ry9g4zo#8</guid>
            <pubDate>Fri, 02 Aug 2024 11:46:38 GMT</pubDate>
            <media:thumbnail width="240" height="135" url="https://ichef.bbci.co.uk/news/240/cpsprodpb/1a82/live/0004c100-50bc-11ef-9dad-073bd3956ad4.jpg"/>
        </item>
        <item>
            <title><![CDATA[Glover yet to decide on future after Olympic silver]]></title>
            <description><![CDATA[Helen Glover says she has yet to make a decision on whether she will retire from rowing after winning a silver medal in the women's four.]]></description>
            <link>https://www.bbc.com/sport/olympics/articles/cj5059gl86lo</link>
            <guid isPermaLink="false">https://www.bbc.com/sport/olympics/articles/cj5059gl86lo#8</guid>
            <pubDate>Fri, 02 Aug 2024 12:05:56 GMT</pubDate>
            <media:thumbnail width="240" height="135" url="https://ichef.bbci.co.uk/news/240/cpsprodpb/06ec/live/46358ec0-50c1-11ef-8f0f-0577398c3339.jpg"/>
        </item>
        <item>
            <title><![CDATA['I have to earn spot' - Ferguson has no plans to retire]]></title>
            <description><![CDATA[Tony Ferguson says he has no plans to retire after his fight on Saturday, but knows he must earn his spot in the UFC.]]></description>
            <link>https://www.bbc.com/sport/mixed-martial-arts/articles/cglklr5yllyo</link>
            <guid isPermaLink="false">https://www.bbc.com/sport/mixed-martial-arts/articles/cglklr5yllyo#8</guid>
            <pubDate>Fri, 02 Aug 2024 14:54:59 GMT</pubDate>
            <media:thumbnail width="240" height="135" url="https://ichef.bbci.co.uk/news/240/cpsprodpb/f8ad/live/94a4c160-50db-11ef-9a4e-3bb4ba0109d8.jpg"/>
        </item>
        <item>
            <title><![CDATA[Race, respect and reputation]]></title>
            <description><![CDATA[Linford Christie looks back on his extraordinary career, from the highs to the lows]]></description>
            <link>https://www.bbc.co.uk/iplayer/episode/m0021d61/linford?at_mid=2QSsmVnE6N&amp;at_campaign=TLEO_Linford&amp;at_medium=display_ad&amp;at_campaign_type=owned&amp;at_audience_id=SS&amp;at_product=iplayer&amp;at_brand=m0021d61&amp;at_ptr_name=bbc&amp;at_ptr_type=media&amp;at_format=image&amp;at_objective=consumption&amp;at_link_title=TLEO_Linford&amp;at_bbc_team=BBC</link>
            <guid isPermaLink="false">https://www.bbc.co.uk/iplayer/episode/m0021d61/linford?at_mid=2QSsmVnE6N&amp;at_campaign=TLEO_Linford&amp;at_medium=display_ad&amp;at_campaign_type=owned&amp;at_audience_id=SS&amp;at_product=iplayer&amp;at_brand=m0021d61&amp;at_ptr_name=bbc&amp;at_ptr_type=media&amp;at_format=image&amp;at_objective=consumption&amp;at_link_title=TLEO_Linford&amp;at_bbc_team=BBC#9</guid>
            <pubDate>Thu, 25 Jul 2024 05:00:00 GMT</pubDate>
            <media:thumbnail width="240" height="135" url="https://ichef.bbci.co.uk/ace/standard/240/cpsprodpb/d429/live/5f28f540-4f5c-11ef-8f0f-0577398c3339.jpg"/>
        </item>
        <item>
            <title><![CDATA[Intense sci-fi thriller featuring George Clooney]]></title>
            <description><![CDATA[Two astronauts become stranded in space and must find a way to return to Earth]]></description>
            <link>https://www.bbc.co.uk/iplayer/episode/m000m2k7/gravity?at_mid=t2GocxVYnk&amp;at_campaign=TLEO_Gravity&amp;at_medium=display_ad&amp;at_campaign_type=owned&amp;at_audience_id=SS&amp;at_product=iplayer&amp;at_brand=m000m2k7&amp;at_ptr_name=bbc&amp;at_ptr_type=media&amp;at_format=image&amp;at_objective=consumption&amp;at_link_title=TLEO_Gravity&amp;at_bbc_team=BBC</link>
            <guid isPermaLink="false">https://www.bbc.co.uk/iplayer/episode/m000m2k7/gravity?at_mid=t2GocxVYnk&amp;at_campaign=TLEO_Gravity&amp;at_medium=display_ad&amp;at_campaign_type=owned&amp;at_audience_id=SS&amp;at_product=iplayer&amp;at_brand=m000m2k7&amp;at_ptr_name=bbc&amp;at_ptr_type=media&amp;at_format=image&amp;at_objective=consumption&amp;at_link_title=TLEO_Gravity&amp;at_bbc_team=BBC#9</guid>
            <pubDate>Tue, 09 Jul 2024 23:15:25 GMT</pubDate>
            <media:thumbnail width="240" height="135" url="https://ichef.bbci.co.uk/ace/standard/240/cpsprodpb/f32e/live/48d11280-4b21-11ef-b2d2-cdb23d5d7c5b.jpg"/>
        </item>
        <item>
            <title><![CDATA[The journey to becoming a sporting legend]]></title>
            <description><![CDATA[Over 20 years of behind-the-scenes footage exploring Andy Murray’s incredible career]]></description>
            <link>https://www.bbc.co.uk/iplayer/episode/m00203kt/andy-murray-will-to-win?at_mid=CoshbQlBhz&amp;at_campaign=TLEO_Andy_Murray_Will_To_Win&amp;at_medium=display_ad&amp;at_campaign_type=owned&amp;at_audience_id=SS&amp;at_product=iplayer&amp;at_brand=m00203kt&amp;at_ptr_name=bbc&amp;at_ptr_type=media&amp;at_format=image&amp;at_objective=consumption&amp;at_link_title=TLEO_Andy_Murray_Will_To_Win&amp;at_bbc_team=BBC</link>
            <guid isPermaLink="false">https://www.bbc.co.uk/iplayer/episode/m00203kt/andy-murray-will-to-win?at_mid=CoshbQlBhz&amp;at_campaign=TLEO_Andy_Murray_Will_To_Win&amp;at_medium=display_ad&amp;at_campaign_type=owned&amp;at_audience_id=SS&amp;at_product=iplayer&amp;at_brand=m00203kt&amp;at_ptr_name=bbc&amp;at_ptr_type=media&amp;at_format=image&amp;at_objective=consumption&amp;at_link_title=TLEO_Andy_Murray_Will_To_Win&amp;at_bbc_team=BBC#9</guid>
            <pubDate>Thu, 20 Jun 2024 05:00:00 GMT</pubDate>
            <media:thumbnail width="240" height="135" url="https://ichef.bbci.co.uk/ace/standard/240/cpsprodpb/d42c/live/4ed19510-50b7-11ef-aebc-6de4d31bf5cd.jpg"/>
        </item>
        <item>
            <title><![CDATA['Tears everywhere as British icon Murray departs']]></title>
            <description><![CDATA[Andy Murray was understandably emotional as his illustrious career came to a close at the Paris 2024 Olympics - but he wasn't the only one.]]></description>
            <link>https://www.bbc.com/sport/olympics/articles/c4ngnq0zp8yo</link>
            <guid isPermaLink="false">https://www.bbc.com/sport/olympics/articles/c4ngnq0zp8yo#11</guid>
            <pubDate>Thu, 01 Aug 2024 23:20:01 GMT</pubDate>
            <media:thumbnail width="240" height="134" url="https://ichef.bbci.co.uk/news/240/cpsprodpb/4ec3/live/24f2ad50-5059-11ef-8ffd-9bb652514b9b.jpg"/>
        </item>
        <item>
            <title><![CDATA[Three things we learned from Arsenal's America tour]]></title>
            <description><![CDATA[Arsenal have Manchester City in their sights in the new Premier League season, says chief football news reporter Simon Stone.]]></description>
            <link>https://www.bbc.com/sport/football/articles/c3gr5y3dezyo</link>
            <guid isPermaLink="false">https://www.bbc.com/sport/football/articles/c3gr5y3dezyo#11</guid>
            <pubDate>Thu, 01 Aug 2024 21:55:37 GMT</pubDate>
            <media:thumbnail width="240" height="134" url="https://ichef.bbci.co.uk/news/240/cpsprodpb/420a/live/1169df10-500e-11ef-a64a-6775cc5bfd22.jpg"/>
        </item>
        <item>
            <title><![CDATA[Who are Team GB's medal winners at Paris 2024?]]></title>
            <description><![CDATA[Read about and watch the medal moments for Team GB at the Paris Olympics 2024.]]></description>
            <link>https://www.bbc.com/sport/olympics/articles/c3gdyj88d30o</link>
            <guid isPermaLink="false">https://www.bbc.com/sport/olympics/articles/c3gdyj88d30o#11</guid>
            <pubDate>Fri, 02 Aug 2024 19:13:08 GMT</pubDate>
            <media:thumbnail width="240" height="134" url="https://ichef.bbci.co.uk/news/240/cpsprodpb/ae83/live/23ff4740-4dd5-11ef-8f0f-0577398c3339.jpg"/>
        </item>
        <item>
            <title><![CDATA[Quiz: How well do you know Team GB's athletes?]]></title>
            <description><![CDATA[The Paris Olympics are getting under way, but how well do you remember Team GB successes from Games gone by? Try our quiz.]]></description>
            <link>https://www.bbc.com/sport/articles/cg33m937002o</link>
            <guid isPermaLink="false">https://www.bbc.com/sport/articles/cg33m937002o#11</guid>
            <pubDate>Fri, 26 Jul 2024 05:33:00 GMT</pubDate>
            <media:thumbnail width="240" height="134" url="https://ichef.bbci.co.uk/news/240/cpsprodpb/c9bf/live/bd6fa3f0-32e3-11ef-b710-cd7361d82942.jpg"/>
        </item>
        <item>
            <title><![CDATA[The 24 British stars to watch at Paris 2024]]></title>
            <description><![CDATA[From Olympic golden oldies to fresh-faced debutants, BBC Sport picks out 24 of the Team GB athletes to particularly focus on during Paris 2024.]]></description>
            <link>https://www.bbc.com/sport/articles/cw9yr4qwwq3o</link>
            <guid isPermaLink="false">https://www.bbc.com/sport/articles/cw9yr4qwwq3o#11</guid>
            <pubDate>Wed, 24 Jul 2024 05:15:30 GMT</pubDate>
            <media:thumbnail width="240" height="135" url="https://ichef.bbci.co.uk/news/240/cpsprodpb/03e6/live/1cf220a0-42a2-11ef-b83f-157e38fc9c03.png"/>
        </item>
        <item>
            <title><![CDATA[The people v Andy Murray: Four weeks that changed him and us]]></title>
            <description><![CDATA[In the space of a month in 2012, Andy Murray went from tears in the rain to gold in the sunshine, winning hearts and medals on Centre Court.]]></description>
            <link>https://www.bbc.com/sport/tennis/articles/c3g527q1z0vo</link>
            <guid isPermaLink="false">https://www.bbc.com/sport/tennis/articles/c3g527q1z0vo#12</guid>
            <pubDate>Thu, 01 Aug 2024 19:38:36 GMT</pubDate>
            <media:thumbnail width="240" height="135" url="https://ichef.bbci.co.uk/news/240/cpsprodpb/e9ae/live/4ce61540-2fe8-11ef-90be-b75b34b0bbb2.jpg"/>
        </item>
        <item>
            <title><![CDATA[An Olympic friendship that defied Hitler]]></title>
            <description><![CDATA[Jesse Owens and Luz Long's embrace has become a defining image of Olympic sportsmanship, but it came with consequences.]]></description>
            <link>https://www.bbc.com/sport/athletics/articles/cd1xlr5ewrro</link>
            <guid isPermaLink="false">https://www.bbc.com/sport/athletics/articles/cd1xlr5ewrro#12</guid>
            <pubDate>Tue, 16 Jul 2024 23:04:39 GMT</pubDate>
            <media:thumbnail width="240" height="135" url="https://ichef.bbci.co.uk/news/240/cpsprodpb/8fe3/live/90f11470-4383-11ef-b74c-bb483a802c97.jpg"/>
        </item>
        <item>
            <title><![CDATA[Inside the gym building champions - and community]]></title>
            <description><![CDATA[Molly McCann and Paddy Pimblett are MMA superstars but their Liverpool gym focuses on fighters of all abilities]]></description>
            <link>https://www.bbc.com/sport/mixed-martial-arts/articles/czd952ggnd4o</link>
            <guid isPermaLink="false">https://www.bbc.com/sport/mixed-martial-arts/articles/czd952ggnd4o#12</guid>
            <pubDate>Mon, 08 Jul 2024 23:02:37 GMT</pubDate>
            <media:thumbnail width="240" height="135" url="https://ichef.bbci.co.uk/news/240/cpsprodpb/9466/live/46a08660-3d09-11ef-a044-9d4367d5b599.jpg"/>
        </item>
        <item>
            <title><![CDATA[Chasing the 'Ghost' - a superstar struck down by lightning]]></title>
            <description><![CDATA[John White did the League and Cup Double, but his sudden death left his son searching for the man behind the comic-book persona.]]></description>
            <link>https://www.bbc.com/sport/football/articles/cv2gd3jr387o</link>
            <guid isPermaLink="false">https://www.bbc.com/sport/football/articles/cv2gd3jr387o#12</guid>
            <pubDate>Wed, 03 Jul 2024 23:03:58 GMT</pubDate>
            <media:thumbnail width="240" height="135" url="https://ichef.bbci.co.uk/news/240/cpsprodpb/5e2b/live/e1350fb0-392c-11ef-bdc5-41d7421c2adf.jpg"/>
        </item>
        <item>
            <title><![CDATA[Fuelling the Tour de France: Secrets of the team kitchens]]></title>
            <description><![CDATA[Replacing the 6,000 calories burned daily by a Tour de France rider, while negotiating the vaguaries and motorways of a 21-stage, 2,100 mile race is a formidable challenge.]]></description>
            <link>https://www.bbc.com/sport/cycling/articles/cxxx568grlwo</link>
            <guid isPermaLink="false">https://www.bbc.com/sport/cycling/articles/cxxx568grlwo#12</guid>
            <pubDate>Mon, 01 Jul 2024 23:17:26 GMT</pubDate>
            <media:thumbnail width="240" height="134" url="https://ichef.bbci.co.uk/news/240/cpsprodpb/bc6a/live/02cbea30-2e34-11ef-90be-b75b34b0bbb2.jpg"/>
        </item>
        <item>
            <title><![CDATA[Panenka - the penalty that killed a career and started a feud]]></title>
            <description><![CDATA[Antonin Panenka's penalty in the Euro 1976 final birthed a whole new 12-yard tactic. But the risks were higher than anyone could imagine.]]></description>
            <link>https://www.bbc.com/sport/football/articles/crgglxwge10o</link>
            <guid isPermaLink="false">https://www.bbc.com/sport/football/articles/crgglxwge10o#12</guid>
            <pubDate>Thu, 27 Jun 2024 23:10:43 GMT</pubDate>
            <media:thumbnail width="240" height="135" url="https://ichef.bbci.co.uk/news/240/cpsprodpb/e54c/live/91240c30-2c96-11ef-bdc5-41d7421c2adf.jpg"/>
        </item>
        <item>
            <title><![CDATA[Running on a volcano's rim - the race in the shadow of an eruption]]></title>
            <description><![CDATA[In 2021, La Palma's volcanos erupted, issuing tonnes of molten rock and a reminder of the perilious nature of the island's premier running race.]]></description>
            <link>https://www.bbc.com/sport/articles/c3ggg48g3yvo</link>
            <guid isPermaLink="false">https://www.bbc.com/sport/articles/c3ggg48g3yvo#12</guid>
            <pubDate>Tue, 25 Jun 2024 23:01:08 GMT</pubDate>
            <media:thumbnail width="240" height="135" url="https://ichef.bbci.co.uk/news/240/cpsprodpb/11ab/live/34f882f0-3232-11ef-bdc5-41d7421c2adf.jpg"/>
        </item>
        <item>
            <title><![CDATA[Slade to miss start of Premiership season after surgery]]></title>
            <description><![CDATA[England centre Henry Slade will miss the start of the Premiership season after undergoing shoulder surgery. ]]></description>
            <link>https://www.bbc.com/sport/rugby-union/articles/c0xjx7qdwewo</link>
            <guid isPermaLink="false">https://www.bbc.com/sport/rugby-union/articles/c0xjx7qdwewo#13</guid>
            <pubDate>Fri, 02 Aug 2024 10:45:06 GMT</pubDate>
            <media:thumbnail width="240" height="135" url="https://ichef.bbci.co.uk/news/240/cpsprodpb/0de1/live/a2758f80-50b9-11ef-9d6f-bb47baa4545f.jpg"/>
        </item>
        <item>
            <title><![CDATA[Marchand & Macron grab attention, but Scott makes own mark]]></title>
            <description><![CDATA[French president Emmanuel Macron and swimming superstar Leon Marchand were centre of attention, but Duncan Scott makes history of his own.]]></description>
            <link>https://www.bbc.com/sport/olympics/articles/c72v28gz6lqo</link>
            <guid isPermaLink="false">https://www.bbc.com/sport/olympics/articles/c72v28gz6lqo#13</guid>
            <pubDate>Fri, 02 Aug 2024 20:58:04 GMT</pubDate>
            <media:thumbnail width="240" height="134" url="https://ichef.bbci.co.uk/news/240/cpsprodpb/6757/live/2b5e50f0-5111-11ef-aebc-6de4d31bf5cd.jpg"/>
        </item>
        <item>
            <title><![CDATA[Wales' fastest man chasing medals and memories in Paris]]></title>
            <description><![CDATA[Jeremiah Azu is the only Welshman in history to have run 100 metres in less than 10 seconds and now has his sights on Paris 2024 success.]]></description>
            <link>https://www.bbc.com/sport/athletics/articles/c3g9237e9y3o</link>
            <guid isPermaLink="false">https://www.bbc.com/sport/athletics/articles/c3g9237e9y3o#13</guid>
            <pubDate>Fri, 02 Aug 2024 13:28:28 GMT</pubDate>
            <media:thumbnail width="240" height="134" url="https://ichef.bbci.co.uk/news/240/cpsprodpb/8d21/live/d50a4810-4a73-11ef-be1b-ddc6b0a6e8b3.jpg"/>
        </item>
        <item>
            <title><![CDATA[McClenaghan goes for gold - What is happening on day eight?]]></title>
            <description><![CDATA[BBC Sport NI takes a look at what is happening on day eight of the Olympics as Rhys McClenaghan goes for gold in the pommel horse.]]></description>
            <link>https://www.bbc.com/sport/olympics/articles/cmj2j77lmnro</link>
            <guid isPermaLink="false">https://www.bbc.com/sport/olympics/articles/cmj2j77lmnro#13</guid>
            <pubDate>Fri, 02 Aug 2024 20:38:09 GMT</pubDate>
            <media:thumbnail width="240" height="134" url="https://ichef.bbci.co.uk/news/240/cpsprodpb/53b5/live/19e07f00-50f4-11ef-890f-6b409e9046e1.jpg"/>
        </item>
    </channel>
</rss>